TN:
SF:packages/cli/src/autofix.ts
FN:1,(empty-report)
FNF:1
FNH:1
FNDA:1,(empty-report)
DA:10,0
DA:14,0
DA:15,0
DA:16,0
DA:17,0
DA:18,0
DA:19,0
DA:20,0
DA:21,0
DA:22,0
DA:23,0
DA:24,0
DA:27,0
DA:28,0
DA:29,0
DA:30,0
DA:31,0
DA:32,0
DA:33,0
DA:34,0
DA:35,0
DA:36,0
DA:38,0
DA:39,0
DA:40,0
DA:41,0
DA:42,0
DA:43,0
DA:44,0
DA:45,0
DA:46,0
DA:47,0
DA:48,0
DA:50,0
DA:51,0
DA:52,0
DA:53,0
DA:54,0
DA:55,0
DA:56,0
DA:57,0
DA:58,0
DA:59,0
DA:60,0
DA:61,0
DA:62,0
DA:64,0
DA:65,0
DA:66,0
DA:71,0
DA:72,0
DA:73,0
DA:75,0
DA:76,0
DA:77,0
DA:78,0
DA:79,0
DA:80,0
DA:81,0
DA:82,0
DA:83,0
DA:86,0
DA:88,0
DA:89,0
DA:90,0
DA:91,0
DA:92,0
DA:93,0
DA:96,0
DA:97,0
DA:98,0
DA:99,0
DA:100,0
DA:101,0
DA:102,0
DA:104,0
DA:105,0
DA:108,0
DA:109,0
DA:110,0
DA:111,0
DA:112,0
DA:113,0
DA:114,0
DA:116,0
DA:117,0
DA:118,0
DA:119,0
DA:120,0
DA:121,0
DA:122,0
DA:123,0
DA:125,0
DA:128,0
DA:129,0
DA:130,0
DA:131,0
DA:132,0
DA:133,0
DA:135,0
DA:136,0
DA:138,0
DA:139,0
DA:140,0
DA:141,0
DA:143,0
DA:144,0
DA:145,0
DA:146,0
DA:147,0
DA:148,0
DA:150,0
DA:151,0
DA:152,0
DA:153,0
DA:154,0
DA:155,0
DA:156,0
DA:157,0
DA:160,0
DA:161,0
DA:163,0
DA:164,0
DA:165,0
DA:166,0
DA:168,0
DA:170,0
DA:171,0
DA:172,0
DA:173,0
DA:175,0
DA:176,0
DA:177,0
DA:178,0
DA:179,0
DA:180,0
DA:181,0
DA:182,0
DA:183,0
DA:185,0
DA:186,0
DA:187,0
DA:188,0
DA:189,0
DA:190,0
DA:191,0
DA:192,0
DA:193,0
DA:194,0
DA:195,0
DA:196,0
DA:198,0
DA:199,0
DA:200,0
DA:201,0
DA:203,0
DA:204,0
DA:206,0
DA:207,0
DA:208,0
DA:209,0
DA:210,0
DA:211,0
DA:212,0
DA:213,0
DA:214,0
DA:215,0
DA:216,0
DA:217,0
DA:218,0
DA:219,0
DA:220,0
DA:221,0
DA:222,0
DA:223,0
DA:225,0
DA:226,0
DA:227,0
DA:228,0
DA:229,0
DA:230,0
DA:232,0
DA:238,0
DA:239,0
DA:240,0
DA:241,0
DA:242,0
DA:243,0
DA:244,0
DA:245,0
DA:247,0
DA:248,0
DA:249,0
DA:250,0
DA:251,0
DA:252,0
DA:253,0
DA:254,0
DA:255,0
DA:256,0
DA:258,0
DA:260,0
DA:261,0
DA:263,0
DA:264,0
DA:265,0
DA:267,0
DA:268,0
DA:270,0
DA:271,0
DA:272,0
DA:273,0
DA:274,0
DA:275,0
DA:276,0
DA:277,0
DA:278,0
DA:280,0
DA:281,0
DA:282,0
DA:283,0
DA:284,0
DA:285,0
DA:286,0
DA:287,0
DA:289,0
DA:290,0
DA:291,0
DA:292,0
DA:294,0
DA:295,0
DA:297,0
DA:298,0
DA:299,0
DA:300,0
DA:301,0
DA:302,0
DA:303,0
DA:304,0
DA:305,0
DA:306,0
DA:307,0
DA:308,0
DA:309,0
DA:310,0
DA:311,0
DA:312,0
DA:313,0
DA:314,0
DA:316,0
DA:317,0
DA:319,0
DA:320,0
DA:321,0
DA:322,0
DA:323,0
DA:324,0
DA:325,0
DA:326,0
DA:327,0
DA:329,0
DA:330,0
DA:331,0
DA:332,0
DA:333,0
DA:334,0
DA:335,0
DA:336,0
DA:337,0
DA:338,0
DA:339,0
DA:340,0
DA:342,0
DA:343,0
DA:344,0
DA:345,0
DA:347,0
DA:348,0
DA:351,0
DA:352,0
DA:353,0
DA:354,0
DA:355,0
DA:356,0
DA:358,0
DA:360,0
DA:361,0
DA:362,0
DA:363,0
DA:364,0
DA:365,0
DA:366,0
DA:367,0
DA:368,0
DA:369,0
DA:370,0
DA:371,0
DA:372,0
DA:373,0
DA:374,0
DA:375,0
DA:376,0
DA:377,0
DA:379,0
DA:383,0
DA:385,0
DA:387,0
DA:389,0
DA:391,0
DA:392,0
DA:393,0
DA:394,0
DA:395,0
DA:397,0
DA:398,0
DA:399,0
DA:400,0
DA:401,0
DA:402,0
DA:403,0
LF:320
LH:0
BRDA:1,0,0,1
BRF:1
BRH:1
end_of_record
TN:
SF:packages/cli/src/banner.ts
FN:1,(empty-report)
FNF:1
FNH:1
FNDA:1,(empty-report)
DA:8,0
LF:1
LH:0
BRDA:1,0,0,1
BRF:1
BRH:1
end_of_record
TN:
SF:packages/cli/src/chat.ts
FN:1,(empty-report)
FNF:1
FNH:0
FNDA:0,(empty-report)
DA:1,0
DA:2,0
DA:9,0
DA:10,0
DA:11,0
DA:12,0
DA:13,0
DA:14,0
DA:15,0
DA:16,0
DA:17,0
DA:18,0
DA:20,0
DA:21,0
DA:22,0
DA:23,0
DA:25,0
DA:26,0
DA:28,0
DA:29,0
DA:30,0
DA:31,0
DA:32,0
DA:33,0
DA:35,0
DA:36,0
DA:37,0
DA:38,0
DA:39,0
DA:40,0
DA:42,0
DA:43,0
DA:44,0
DA:45,0
DA:47,0
DA:48,0
DA:50,0
DA:52,0
DA:53,0
DA:56,0
DA:57,0
DA:59,0
DA:60,0
DA:61,0
DA:63,0
DA:64,0
DA:65,0
DA:67,0
DA:69,0
DA:70,0
DA:71,0
DA:72,0
DA:73,0
DA:74,0
DA:75,0
DA:77,0
DA:78,0
DA:79,0
DA:80,0
DA:82,0
DA:84,0
DA:85,0
DA:86,0
DA:87,0
DA:88,0
DA:89,0
DA:90,0
DA:93,0
DA:94,0
DA:95,0
DA:96,0
DA:97,0
DA:98,0
DA:101,0
DA:102,0
DA:103,0
LF:76
LH:0
BRDA:1,0,0,0
BRF:1
BRH:0
end_of_record
TN:
SF:packages/cli/src/config.ts
FN:21,deepMerge
FN:50,readTomlFile
FN:68,validateRelativePath
FN:80,validate
FN:138,diffFromDefaults
FN:188,levenshteinDistance
FN:215,findClosestSection
FN:245,migrateLegacyProviders
FN:268,<instance_members_initializer>
FN:279,ConfigReader
FN:283,read
FN:414,write
FN:421,writeLocal
FN:429,exists
FNF:14
FNH:12
FNDA:205,deepMerge
FNDA:131,readTomlFile
FNDA:0,validateRelativePath
FNDA:65,validate
FNDA:19,diffFromDefaults
FNDA:48,levenshteinDistance
FNDA:6,findClosestSection
FNDA:130,migrateLegacyProviders
FNDA:89,<instance_members_initializer>
FNDA:89,ConfigReader
FNDA:66,read
FNDA:19,write
FNDA:0,writeLocal
FNDA:22,exists
DA:1,1
DA:2,1
DA:3,1
DA:4,1
DA:5,1
DA:12,1
DA:14,1
DA:15,1
DA:21,205
DA:22,205
DA:23,205
DA:24,199
DA:25,199
DA:26,199
DA:27,199
DA:28,199
DA:29,83
DA:30,83
DA:31,83
DA:32,75
DA:33,75
DA:34,199
DA:35,75
DA:36,75
DA:37,75
DA:38,75
DA:39,185
DA:40,124
DA:41,124
DA:42,199
DA:43,205
DA:44,205
DA:50,131
DA:51,131
DA:52,131
DA:53,131
DA:54,131
DA:55,43
DA:56,43
DA:57,88
DA:58,88
DA:59,131
DA:60,1
DA:61,1
DA:62,1
DA:63,131
DA:68,0
DA:69,0
DA:70,0
DA:71,0
DA:72,0
DA:73,0
DA:74,0
DA:75,0
DA:76,0
DA:77,0
DA:78,0
DA:80,65
DA:81,65
DA:82,1
DA:83,1
DA:84,1
DA:85,1
DA:86,1
DA:88,64
DA:89,64
DA:90,64
DA:91,64
DA:92,64
DA:93,64
DA:94,64
DA:95,64
DA:96,65
DA:97,0
DA:98,0
DA:99,0
DA:100,0
DA:101,0
DA:103,64
DA:104,65
DA:105,0
DA:106,0
DA:107,0
DA:108,0
DA:109,0
DA:111,65
DA:112,0
DA:113,0
DA:115,65
DA:116,0
DA:117,0
DA:119,65
DA:120,0
DA:121,0
DA:122,0
DA:123,0
DA:124,0
DA:125,0
DA:126,0
DA:127,0
DA:128,0
DA:129,0
DA:130,0
DA:131,0
DA:132,0
DA:133,65
DA:138,19
DA:139,19
DA:140,19
DA:141,19
DA:143,19
DA:144,110
DA:145,110
DA:146,110
DA:147,110
DA:149,110
DA:150,258
DA:151,2
DA:152,2
DA:154,110
DA:155,2
DA:156,2
DA:157,110
DA:159,19
DA:160,19
DA:163,1
DA:164,1
DA:165,1
DA:166,1
DA:167,1
DA:168,1
DA:169,1
DA:170,1
DA:171,1
DA:172,1
DA:175,1
DA:176,1
DA:177,1
DA:178,1
DA:179,1
DA:180,1
DA:181,1
DA:182,1
DA:188,48
DA:189,48
DA:190,48
DA:194,48
DA:195,48
DA:196,512
DA:197,512
DA:198,512
DA:199,3328
DA:200,3328
DA:201,3328
DA:202,3328
DA:203,3328
DA:204,3328
DA:205,3328
DA:206,512
DA:207,512
DA:208,48
DA:209,48
DA:215,6
DA:216,6
DA:217,6
DA:219,6
DA:220,48
DA:221,48
DA:222,11
DA:223,11
DA:224,11
DA:225,48
DA:227,6
DA:228,6
DA:245,130
DA:246,130
DA:247,130
DA:250,38
DA:251,49
DA:252,49
DA:253,10
DA:255,10
DA:256,10
DA:257,10
DA:258,10
DA:259,10
DA:260,10
DA:261,10
DA:262,10
DA:263,49
DA:265,1
DA:266,1
DA:268,1
DA:270,89
DA:272,89
DA:279,89
DA:280,89
DA:281,89
DA:283,89
DA:284,66
DA:285,66
DA:287,66
DA:288,65
DA:294,66
DA:295,130
DA:296,130
DA:299,10
DA:300,10
DA:304,10
DA:307,10
DA:308,9
DA:309,9
DA:310,9
DA:311,10
DA:312,130
DA:316,65
DA:317,66
DA:318,130
DA:319,130
DA:320,11
DA:323,11
DA:324,10
DA:325,10
DA:328,11
DA:329,11
DA:330,130
DA:334,66
DA:335,11
DA:336,11
DA:337,11
DA:339,11
DA:341,7
DA:342,7
DA:343,7
DA:344,7
DA:345,7
DA:348,0
DA:349,7
DA:350,11
DA:353,65
DA:354,65
DA:357,65
DA:358,66
DA:359,1
DA:360,1
DA:361,1
DA:368,65
DA:369,66
DA:370,15
DA:371,15
DA:372,15
DA:373,15
DA:374,13
DA:375,12
DA:376,15
DA:377,12
DA:378,12
DA:379,12
DA:380,12
DA:381,12
DA:382,15
DA:387,65
DA:388,66
DA:389,130
DA:390,83
DA:391,83
DA:392,130
DA:394,66
DA:395,79
DA:398,7
DA:400,6
DA:401,25
DA:402,4
DA:403,25
DA:404,2
DA:405,2
DA:406,79
DA:408,65
DA:409,65
DA:411,65
DA:412,66
DA:414,89
DA:415,19
DA:416,19
DA:417,19
DA:418,19
DA:419,19
DA:421,89
DA:422,0
DA:423,0
DA:424,0
DA:425,0
DA:426,0
DA:427,0
DA:429,89
DA:430,22
DA:431,22
DA:432,3
DA:433,21
DA:434,19
DA:435,19
DA:436,22
DA:437,89
LF:303
LH:258
BRDA:21,0,0,205
BRDA:23,1,0,199
BRDA:25,2,0,0
BRDA:28,3,0,83
BRDA:29,4,0,83
BRDA:30,5,0,83
BRDA:31,6,0,75
BRDA:32,7,0,75
BRDA:34,8,0,185
BRDA:34,9,0,75
BRDA:39,10,0,124
BRDA:50,11,0,131
BRDA:53,12,0,88
BRDA:54,13,0,43
BRDA:56,14,0,88
BRDA:59,15,0,1
BRDA:60,16,0,0
BRDA:80,17,0,65
BRDA:81,18,0,64
BRDA:81,19,0,1
BRDA:86,20,0,64
BRDA:96,21,0,0
BRDA:101,22,0,64
BRDA:104,23,0,0
BRDA:109,24,0,64
BRDA:111,25,0,0
BRDA:113,26,0,64
BRDA:115,27,0,0
BRDA:117,28,0,64
BRDA:119,29,0,0
BRDA:138,30,0,19
BRDA:143,31,0,110
BRDA:145,32,0,0
BRDA:149,33,0,258
BRDA:150,34,0,256
BRDA:150,35,0,2
BRDA:154,36,0,2
BRDA:188,37,0,48
BRDA:195,38,0,512
BRDA:198,39,0,3328
BRDA:199,40,0,210
BRDA:199,41,0,3118
BRDA:194,42,0,360
BRDA:215,43,0,6
BRDA:219,44,0,48
BRDA:221,45,0,11
BRDA:227,46,0,4
BRDA:227,47,0,2
BRDA:245,48,0,130
BRDA:247,49,0,11
BRDA:247,50,0,119
BRDA:247,51,0,38
BRDA:247,52,0,11
BRDA:250,53,0,49
BRDA:252,54,0,10
BRDA:263,55,0,1
BRDA:268,56,0,89
BRDA:279,57,0,89
BRDA:280,58,0,76
BRDA:283,59,0,66
BRDA:287,60,0,65
BRDA:294,61,0,130
BRDA:296,62,0,10
BRDA:299,63,0,9
BRDA:307,64,0,9
BRDA:312,65,0,65
BRDA:317,66,0,130
BRDA:319,67,0,20
BRDA:319,68,0,11
BRDA:323,69,0,10
BRDA:330,70,0,65
BRDA:334,71,0,11
BRDA:337,72,0,4
BRDA:339,73,0,7
BRDA:345,74,0,0
BRDA:350,75,0,65
BRDA:358,76,0,1
BRDA:361,77,0,65
BRDA:369,78,0,15
BRDA:373,79,0,13
BRDA:374,80,0,12
BRDA:376,81,0,12
BRDA:382,82,0,65
BRDA:388,83,0,130
BRDA:389,84,0,83
BRDA:392,85,0,65
BRDA:394,86,0,79
BRDA:395,87,0,72
BRDA:395,88,0,25
BRDA:395,89,0,7
BRDA:398,90,0,1
BRDA:398,91,0,6
BRDA:401,92,0,4
BRDA:403,93,0,2
BRDA:406,94,0,65
BRDA:414,95,0,19
BRDA:429,96,0,22
BRDA:431,97,0,21
BRDA:431,98,0,3
BRDA:433,99,0,19
BRF:100
BRH:91
end_of_record
TN:
SF:packages/cli/src/demo-astronaut.ts
FN:1,(empty-report)
FNF:1
FNH:1
FNDA:1,(empty-report)
DA:6,0
DA:7,0
DA:8,0
DA:9,0
DA:11,0
DA:13,0
DA:14,0
DA:15,0
DA:16,0
DA:17,0
DA:18,0
DA:19,0
DA:20,0
DA:21,0
DA:22,0
DA:24,0
DA:25,0
DA:26,0
DA:27,0
DA:28,0
DA:29,0
DA:30,0
DA:31,0
DA:32,0
DA:33,0
DA:35,0
DA:36,0
DA:37,0
DA:38,0
DA:39,0
DA:40,0
DA:41,0
DA:42,0
DA:43,0
DA:44,0
DA:45,0
DA:47,0
DA:48,0
DA:49,0
DA:51,0
DA:52,0
DA:53,0
DA:54,0
DA:55,0
DA:56,0
DA:57,0
DA:59,0
DA:61,0
DA:62,0
DA:63,0
DA:64,0
DA:65,0
DA:67,0
DA:68,0
DA:69,0
DA:71,0
DA:73,0
DA:74,0
DA:75,0
DA:76,0
DA:77,0
DA:78,0
DA:80,0
DA:81,0
DA:83,0
DA:84,0
DA:85,0
LF:67
LH:0
BRDA:1,0,0,1
BRF:1
BRH:1
end_of_record
TN:
SF:packages/cli/src/index.ts
FN:21,createCli
FN:222,run
FNF:2
FNH:1
FNDA:8,createCli
FNDA:0,run
DA:1,1
DA:2,1
DA:3,1
DA:4,1
DA:5,1
DA:7,1
DA:8,1
DA:21,1
DA:22,8
DA:24,8
DA:25,8
DA:26,8
DA:27,8
DA:28,8
DA:29,8
DA:30,8
DA:31,8
DA:32,8
DA:33,8
DA:35,8
DA:36,8
DA:37,8
DA:38,8
DA:39,0
DA:46,0
DA:48,0
DA:49,0
DA:50,0
DA:53,0
DA:54,0
DA:55,0
DA:57,0
DA:58,0
DA:59,0
DA:60,0
DA:61,0
DA:62,0
DA:63,0
DA:64,0
DA:66,0
DA:67,0
DA:68,0
DA:69,0
DA:70,0
DA:71,0
DA:73,0
DA:74,0
DA:75,0
DA:76,0
DA:77,0
DA:78,0
DA:79,0
DA:80,0
DA:81,0
DA:82,8
DA:84,8
DA:85,8
DA:86,8
DA:87,8
DA:88,0
DA:89,0
DA:90,8
DA:92,8
DA:93,8
DA:94,8
DA:95,8
DA:96,8
DA:97,8
DA:98,8
DA:99,8
DA:100,8
DA:101,0
DA:102,0
DA:103,0
DA:104,0
DA:105,0
DA:106,0
DA:107,0
DA:108,0
DA:111,0
DA:112,0
DA:113,0
DA:114,0
DA:115,0
DA:116,0
DA:117,0
DA:118,0
DA:119,0
DA:120,0
DA:121,0
DA:122,0
DA:123,0
DA:124,0
DA:127,0
DA:128,0
DA:129,0
DA:130,0
DA:131,0
DA:132,0
DA:133,0
DA:134,0
DA:137,0
DA:138,0
DA:139,0
DA:140,0
DA:142,0
DA:143,0
DA:145,0
DA:146,0
DA:147,0
DA:148,0
DA:149,0
DA:150,0
DA:151,0
DA:152,0
DA:153,0
DA:155,0
DA:156,0
DA:157,0
DA:158,0
DA:159,0
DA:160,8
DA:162,8
DA:163,8
DA:164,8
DA:165,8
DA:166,0
DA:167,0
DA:168,8
DA:170,8
DA:171,8
DA:172,8
DA:173,8
DA:174,0
DA:175,0
DA:176,8
DA:178,8
DA:179,8
DA:180,8
DA:181,8
DA:182,0
DA:183,0
DA:184,8
DA:186,8
DA:187,8
DA:188,8
DA:189,8
DA:190,0
DA:191,0
DA:192,8
DA:194,8
DA:195,8
DA:196,8
DA:197,8
DA:198,0
DA:199,0
DA:200,8
DA:202,8
DA:203,8
DA:204,8
DA:205,8
DA:206,0
DA:207,0
DA:208,8
DA:210,8
DA:211,8
DA:212,8
DA:213,8
DA:214,8
DA:215,0
DA:216,0
DA:217,8
DA:219,8
DA:220,8
DA:222,0
DA:224,0
DA:225,0
DA:226,0
DA:227,0
DA:228,0
DA:230,0
DA:233,0
DA:234,0
DA:235,0
DA:236,0
DA:237,0
DA:238,0
DA:240,0
DA:244,0
DA:245,0
DA:246,0
DA:247,0
DA:249,0
DA:250,0
DA:251,0
LF:195
LH:77
BRDA:21,0,0,8
BRF:1
BRH:1
end_of_record
TN:
SF:packages/cli/src/logger.ts
FN:1,(empty-report)
FNF:1
FNH:1
FNDA:1,(empty-report)
DA:3,0
DA:5,0
DA:7,0
DA:8,0
DA:10,0
DA:11,0
DA:12,0
DA:14,0
DA:15,0
DA:16,0
DA:17,0
DA:18,0
DA:19,0
DA:20,0
DA:21,0
DA:22,0
DA:23,0
DA:25,0
DA:26,0
DA:27,0
DA:28,0
DA:30,0
DA:31,0
DA:32,0
DA:33,0
DA:34,0
DA:35,0
DA:37,0
DA:38,0
DA:39,0
DA:41,0
DA:42,0
DA:43,0
DA:45,0
DA:46,0
DA:47,0
DA:49,0
DA:50,0
DA:51,0
DA:52,0
LF:40
LH:0
BRDA:1,0,0,1
BRF:1
BRH:1
end_of_record
TN:
SF:packages/cli/src/scaffold.ts
FN:20,promptAndScaffold
FN:149,command
FN:156,command
FN:162,command
FN:168,command
FN:174,command
FN:180,command
FN:186,command
FN:193,command
FN:200,command
FN:206,command
FN:213,command
FN:220,command
FN:226,command
FN:232,command
FN:239,command
FN:246,command
FN:253,command
FN:260,command
FN:277,mapDescriptionToCommand
FNF:20
FNH:0
FNDA:0,promptAndScaffold
FNDA:0,command
FNDA:0,command
FNDA:0,command
FNDA:0,command
FNDA:0,command
FNDA:0,command
FNDA:0,command
FNDA:0,command
FNDA:0,command
FNDA:0,command
FNDA:0,command
FNDA:0,command
FNDA:0,command
FNDA:0,command
FNDA:0,command
FNDA:0,command
FNDA:0,command
FNDA:0,command
FNDA:0,mapDescriptionToCommand
DA:1,1
DA:2,1
DA:3,1
DA:4,1
DA:5,1
DA:6,1
DA:8,1
DA:20,0
DA:21,0
DA:23,0
DA:24,0
DA:25,0
DA:26,0
DA:27,0
DA:28,0
DA:29,0
DA:30,0
DA:31,0
DA:32,0
DA:33,0
DA:34,0
DA:35,0
DA:36,0
DA:37,0
DA:40,0
DA:41,0
DA:42,0
DA:43,0
DA:44,0
DA:45,0
DA:47,0
DA:48,0
DA:49,0
DA:50,0
DA:51,0
DA:53,0
DA:54,0
DA:55,0
DA:56,0
DA:57,0
DA:58,0
DA:59,0
DA:60,0
DA:61,0
DA:62,0
DA:63,0
DA:65,0
DA:66,0
DA:67,0
DA:68,0
DA:70,0
DA:71,0
DA:72,0
DA:73,0
DA:74,0
DA:75,0
DA:76,0
DA:78,0
DA:79,0
DA:80,0
DA:81,0
DA:82,0
DA:83,0
DA:84,0
DA:85,0
DA:86,0
DA:88,0
DA:90,0
DA:91,0
DA:92,0
DA:93,0
DA:96,0
DA:97,0
DA:98,0
DA:99,0
DA:100,0
DA:101,0
DA:103,0
DA:105,0
DA:106,0
DA:107,0
DA:108,0
DA:109,0
DA:110,0
DA:111,0
DA:113,0
DA:114,0
DA:116,0
DA:117,0
DA:118,0
DA:119,0
DA:120,0
DA:121,0
DA:122,0
DA:124,0
DA:125,0
DA:126,0
DA:127,0
DA:128,0
DA:129,0
DA:130,0
DA:131,0
DA:132,0
DA:145,1
DA:147,1
DA:148,1
DA:149,1
DA:150,0
DA:151,1
DA:152,1
DA:153,1
DA:154,1
DA:155,1
DA:156,1
DA:157,1
DA:158,1
DA:159,1
DA:160,1
DA:161,1
DA:162,1
DA:163,1
DA:164,1
DA:165,1
DA:166,1
DA:167,1
DA:168,1
DA:169,1
DA:170,1
DA:171,1
DA:172,1
DA:173,1
DA:174,1
DA:175,1
DA:176,1
DA:177,1
DA:178,1
DA:179,1
DA:180,1
DA:181,1
DA:182,1
DA:183,1
DA:184,1
DA:185,1
DA:186,1
DA:187,0
DA:188,1
DA:189,1
DA:190,1
DA:191,1
DA:192,1
DA:193,1
DA:194,1
DA:195,1
DA:196,1
DA:198,1
DA:199,1
DA:200,1
DA:201,1
DA:202,1
DA:203,1
DA:204,1
DA:205,1
DA:206,1
DA:207,0
DA:208,1
DA:209,1
DA:210,1
DA:211,1
DA:212,1
DA:213,1
DA:214,0
DA:215,1
DA:216,1
DA:217,1
DA:218,1
DA:219,1
DA:220,1
DA:221,1
DA:222,1
DA:223,1
DA:224,1
DA:225,1
DA:226,1
DA:227,1
DA:228,1
DA:229,1
DA:230,1
DA:231,1
DA:232,1
DA:233,0
DA:234,1
DA:235,1
DA:236,1
DA:237,1
DA:238,1
DA:239,1
DA:240,0
DA:241,1
DA:242,1
DA:243,1
DA:244,1
DA:245,1
DA:246,1
DA:247,0
DA:248,1
DA:249,1
DA:250,1
DA:251,1
DA:252,1
DA:253,1
DA:254,0
DA:255,1
DA:256,1
DA:257,1
DA:258,1
DA:259,1
DA:260,1
DA:261,1
DA:262,1
DA:263,1
DA:264,1
DA:277,0
DA:278,0
DA:281,0
DA:282,0
DA:283,0
DA:285,0
DA:286,0
DA:287,0
DA:288,0
DA:289,0
DA:290,0
DA:291,0
DA:292,0
DA:294,0
DA:295,0
DA:296,0
DA:299,0
DA:300,0
DA:301,0
DA:302,0
DA:303,0
DA:304,0
DA:305,0
DA:306,0
DA:307,0
DA:308,0
DA:309,0
DA:312,0
DA:313,0
DA:315,0
DA:316,0
DA:318,0
DA:319,0
DA:320,0
DA:321,0
DA:323,0
DA:324,0
DA:325,0
DA:326,0
DA:329,0
DA:330,0
DA:331,0
DA:332,0
DA:333,0
DA:334,0
DA:336,0
DA:337,0
DA:338,0
DA:339,0
DA:340,0
LF:271
LH:117
BRF:0
BRH:0
end_of_record
TN:
SF:packages/cli/src/settings.ts
FN:1,(empty-report)
FNF:1
FNH:0
FNDA:0,(empty-report)
DA:1,0
DA:13,0
DA:14,0
DA:15,0
DA:16,0
DA:17,0
DA:18,0
DA:19,0
DA:20,0
DA:21,0
DA:22,0
DA:23,0
DA:24,0
DA:25,0
DA:26,0
DA:27,0
DA:28,0
DA:29,0
DA:30,0
DA:31,0
DA:32,0
DA:33,0
DA:34,0
DA:35,0
DA:36,0
DA:37,0
DA:38,0
DA:39,0
DA:40,0
DA:41,0
DA:42,0
DA:43,0
DA:44,0
DA:45,0
DA:47,0
DA:48,0
DA:49,0
DA:50,0
DA:51,0
DA:52,0
DA:53,0
DA:54,0
DA:55,0
DA:57,0
DA:58,0
DA:59,0
DA:60,0
DA:61,0
DA:62,0
DA:63,0
DA:64,0
DA:65,0
DA:66,0
DA:67,0
DA:69,0
DA:70,0
DA:72,0
DA:73,0
DA:74,0
DA:75,0
DA:76,0
DA:77,0
DA:78,0
DA:80,0
DA:81,0
DA:82,0
DA:83,0
DA:84,0
DA:85,0
DA:86,0
DA:88,0
DA:89,0
DA:90,0
DA:92,0
DA:93,0
DA:94,0
DA:95,0
DA:97,0
DA:98,0
DA:99,0
DA:100,0
DA:101,0
DA:103,0
DA:104,0
DA:106,0
DA:107,0
DA:108,0
DA:109,0
DA:110,0
DA:111,0
DA:113,0
DA:114,0
DA:115,0
DA:118,0
DA:119,0
DA:120,0
DA:122,0
DA:124,0
DA:125,0
DA:126,0
DA:127,0
DA:128,0
DA:129,0
DA:132,0
DA:133,0
DA:134,0
DA:135,0
DA:136,0
DA:137,0
DA:140,0
DA:141,0
DA:142,0
DA:145,0
DA:146,0
DA:147,0
DA:148,0
DA:149,0
DA:150,0
DA:151,0
DA:152,0
DA:153,0
DA:154,0
DA:155,0
DA:156,0
DA:157,0
DA:158,0
DA:159,0
DA:160,0
DA:161,0
DA:162,0
DA:163,0
DA:164,0
DA:165,0
DA:166,0
DA:167,0
DA:168,0
DA:169,0
DA:170,0
DA:173,0
DA:176,0
DA:177,0
DA:179,0
DA:180,0
DA:181,0
DA:182,0
DA:183,0
DA:184,0
DA:185,0
DA:186,0
DA:187,0
DA:188,0
DA:189,0
DA:190,0
DA:191,0
DA:192,0
LF:155
LH:0
BRDA:1,0,0,0
BRF:1
BRH:0
end_of_record
TN:
SF:packages/cli/src/setup.ts
FN:22,getUserNovaDir
FN:25,getUserConfigPath
FN:28,getInstallIdPath
FN:58,isNonInteractive
FN:64,tomlStringify
FN:71,buildLocalConfig
FN:90,ensureInstallId
FN:109,promptTelemetry
FN:141,readUserConfig
FN:151,writeUserConfig
FN:161,validateApiKey
FN:186,runSetup
FN:301,collectAndValidateKey
FN:353,ensureTelemetryOff
FNF:14
FNH:12
FNDA:134,getUserNovaDir
FNDA:56,getUserConfigPath
FNDA:38,getInstallIdPath
FNDA:20,isNonInteractive
FNDA:38,tomlStringify
FNDA:20,buildLocalConfig
FNDA:20,ensureInstallId
FNDA:20,promptTelemetry
FNDA:18,readUserConfig
FNDA:0,writeUserConfig
FNDA:10,validateApiKey
FNDA:20,runSetup
FNDA:9,collectAndValidateKey
FNDA:0,ensureTelemetryOff
DA:1,1
DA:2,1
DA:3,1
DA:4,1
DA:5,1
DA:6,1
DA:7,1
DA:8,1
DA:14,1
DA:16,1
DA:18,1
DA:19,1
DA:22,134
DA:23,134
DA:24,134
DA:25,56
DA:26,56
DA:27,56
DA:28,38
DA:29,38
DA:30,38
DA:35,1
DA:36,1
DA:37,1
DA:38,1
DA:39,1
DA:40,1
DA:43,1
DA:44,1
DA:45,1
DA:46,1
DA:47,1
DA:48,1
DA:58,20
DA:59,20
DA:60,20
DA:64,38
DA:65,38
DA:66,38
DA:71,20
DA:72,20
DA:73,20
DA:74,20
DA:75,20
DA:76,20
DA:77,20
DA:78,20
DA:79,8
DA:80,8
DA:81,20
DA:82,20
DA:90,20
DA:91,20
DA:92,20
DA:93,20
DA:94,2
DA:95,2
DA:96,20
DA:98,18
DA:99,18
DA:100,18
DA:101,18
DA:102,18
DA:109,20
DA:110,20
DA:113,20
DA:114,20
DA:115,20
DA:116,2
DA:117,20
DA:118,2
DA:119,2
DA:120,20
DA:122,18
DA:124,20
DA:126,18
DA:127,18
DA:128,18
DA:129,18
DA:132,18
DA:133,18
DA:135,18
DA:136,18
DA:137,18
DA:138,18
DA:139,18
DA:141,18
DA:142,18
DA:143,18
DA:145,0
DA:146,18
DA:147,18
DA:148,18
DA:149,18
DA:151,0
DA:152,0
DA:153,0
DA:161,10
DA:162,10
DA:163,10
DA:164,10
DA:165,10
DA:166,8
DA:167,10
DA:168,2
DA:169,2
DA:170,10
DA:186,20
DA:187,20
DA:188,20
DA:191,20
DA:192,0
DA:193,0
DA:195,0
DA:196,0
DA:198,0
DA:199,0
DA:200,0
DA:201,0
DA:202,0
DA:203,0
DA:205,0
DA:206,0
DA:207,0
DA:208,0
DA:209,0
DA:210,0
DA:213,0
DA:215,0
DA:217,0
DA:218,0
DA:220,0
DA:221,0
DA:222,0
DA:223,0
DA:226,20
DA:228,20
DA:229,20
DA:231,20
DA:233,20
DA:234,20
DA:235,20
DA:236,20
DA:237,20
DA:238,20
DA:239,20
DA:240,20
DA:241,20
DA:242,20
DA:243,20
DA:244,20
DA:245,20
DA:246,20
DA:247,20
DA:248,20
DA:249,20
DA:251,20
DA:254,20
DA:255,9
DA:256,9
DA:257,20
DA:259,0
DA:260,0
DA:261,0
DA:264,20
DA:265,20
DA:267,20
DA:268,20
DA:269,20
DA:270,20
DA:271,20
DA:272,20
DA:275,20
DA:276,20
DA:277,20
DA:278,18
DA:279,18
DA:280,18
DA:283,20
DA:284,20
DA:287,20
DA:288,20
DA:291,20
DA:292,20
DA:293,20
DA:301,9
DA:302,9
DA:304,9
DA:305,11
DA:306,11
DA:307,11
DA:308,11
DA:311,11
DA:312,1
DA:313,1
DA:314,1
DA:315,1
DA:316,1
DA:319,10
DA:320,10
DA:322,11
DA:323,8
DA:324,8
DA:325,8
DA:328,2
DA:329,2
DA:330,2
DA:331,2
DA:333,2
DA:334,2
DA:335,2
DA:336,2
DA:338,11
DA:339,1
DA:340,1
DA:341,1
DA:342,1
DA:343,1
DA:344,11
DA:345,9
DA:353,0
DA:354,0
DA:356,0
DA:359,0
DA:360,0
DA:361,0
DA:362,0
DA:363,0
LF:228
LH:189
BRDA:22,0,0,134
BRDA:25,1,0,56
BRDA:28,2,0,38
BRDA:58,3,0,20
BRDA:64,4,0,38
BRDA:71,5,0,20
BRDA:78,6,0,8
BRDA:90,7,0,20
BRDA:93,8,0,2
BRDA:96,9,0,18
BRDA:109,10,0,20
BRDA:115,11,0,2
BRDA:117,12,0,2
BRDA:120,13,0,18
BRDA:124,14,0,2
BRDA:124,15,0,18
BRDA:141,16,0,18
BRDA:143,17,0,0
BRDA:161,18,0,10
BRDA:165,19,0,8
BRDA:167,20,0,2
BRDA:186,21,0,20
BRDA:187,22,0,0
BRDA:191,23,0,0
BRDA:254,24,0,9
BRDA:257,25,0,0
BRDA:277,26,0,18
BRDA:301,27,0,9
BRDA:302,28,0,0
BRDA:304,29,0,11
BRDA:311,30,0,10
BRDA:311,31,0,1
BRDA:316,32,0,10
BRDA:322,33,0,8
BRDA:325,34,0,2
BRDA:338,35,0,1
BRF:36
BRH:31
end_of_record
TN:
SF:packages/cli/src/strings.ts
FNF:0
FNH:0
DA:8,1
DA:10,1
DA:12,1
DA:13,1
DA:15,1
DA:20,1
DA:21,1
DA:24,1
DA:25,1
DA:26,1
DA:27,1
DA:28,1
DA:29,1
DA:30,1
DA:31,1
DA:33,1
DA:38,1
DA:39,1
DA:45,1
DA:51,1
DA:52,1
LF:21
LH:21
BRF:0
BRH:0
end_of_record
TN:
SF:packages/cli/src/telemetry.ts
FN:21,resolveTelemetryEnabled
FN:84,getMachineId
FN:102,saveTelemetryConsent
FN:122,isNonInteractive
FNF:4
FNH:4
FNDA:14,resolveTelemetryEnabled
FNDA:5,getMachineId
FNDA:12,saveTelemetryConsent
FNDA:5,isNonInteractive
DA:1,1
DA:2,1
DA:3,1
DA:4,1
DA:5,1
DA:21,14
DA:22,14
DA:23,14
DA:24,14
DA:26,14
DA:27,14
DA:30,11
DA:32,11
DA:33,11
DA:35,11
DA:36,11
DA:37,5
DA:38,5
DA:41,14
DA:44,14
DA:45,1
DA:46,1
DA:47,1
DA:48,14
DA:50,6
DA:52,14
DA:54,1
DA:55,1
DA:60,14
DA:63,14
DA:64,2
DA:65,2
DA:66,2
DA:69,3
DA:70,3
DA:71,3
DA:72,3
DA:74,3
DA:75,3
DA:76,3
DA:84,5
DA:85,5
DA:86,5
DA:87,5
DA:88,2
DA:89,2
DA:90,5
DA:92,3
DA:93,3
DA:94,3
DA:95,3
DA:96,3
DA:97,3
DA:102,12
DA:103,12
DA:104,12
DA:106,12
DA:108,12
DA:109,12
DA:110,12
DA:111,1
DA:112,12
DA:114,11
DA:116,12
DA:117,12
DA:118,12
DA:122,5
DA:123,5
DA:124,5
LF:69
LH:69
BRDA:21,0,0,14
BRDA:26,1,0,2
BRDA:26,2,0,12
BRDA:27,3,0,1
BRDA:27,4,0,11
BRDA:36,5,0,5
BRDA:41,6,0,4
BRDA:41,7,0,1
BRDA:44,8,0,1
BRDA:48,9,0,6
BRDA:50,10,0,7
BRDA:52,11,0,1
BRDA:55,12,0,6
BRDA:60,13,0,1
BRDA:60,14,0,5
BRDA:63,15,0,2
BRDA:66,16,0,3
BRDA:84,17,0,5
BRDA:87,18,0,2
BRDA:90,19,0,3
BRDA:102,20,0,12
BRDA:110,21,0,1
BRDA:112,22,0,11
BRDA:122,23,0,5
BRF:24
BRH:24
end_of_record
TN:
SF:packages/cli/src/boot/BrowserOpener.ts
FN:11,openBrowser
FNF:1
FNH:1
FNDA:4,openBrowser
DA:2,1
DA:3,1
DA:11,4
DA:12,4
DA:13,4
DA:14,4
DA:15,4
DA:17,4
DA:18,2
DA:19,2
DA:20,2
DA:22,2
DA:24,2
DA:26,2
DA:27,1
DA:29,1
DA:30,1
DA:31,4
LF:18
LH:18
BRDA:11,0,0,4
BRDA:15,1,0,0
BRDA:17,2,0,2
BRDA:26,3,0,1
BRF:4
BRH:3
end_of_record
TN:
SF:packages/cli/src/boot/EventRouter.ts
FN:48,setupEventRouting
FN:65,executeTasks
FN:438,runWithConcurrency
FNF:3
FNH:1
FNDA:1,setupEventRouting
FNDA:0,executeTasks
FNDA:0,runWithConcurrency
DA:1,1
DA:2,1
DA:3,1
DA:18,1
DA:20,1
DA:22,1
DA:48,1
DA:49,1
DA:50,1
DA:51,1
DA:52,1
DA:53,1
DA:54,1
DA:55,1
DA:56,1
DA:57,1
DA:58,1
DA:59,1
DA:60,1
DA:61,1
DA:62,1
DA:65,1
DA:66,0
DA:67,0
DA:68,0
DA:70,0
DA:72,0
DA:73,0
DA:74,0
DA:75,0
DA:76,0
DA:77,0
DA:78,0
DA:79,0
DA:81,0
DA:82,0
DA:83,0
DA:84,0
DA:85,0
DA:88,1
DA:89,0
DA:90,0
DA:91,1
DA:94,1
DA:95,0
DA:96,0
DA:97,0
DA:98,0
DA:100,0
DA:101,0
DA:103,0
DA:106,0
DA:107,0
DA:108,0
DA:109,0
DA:110,0
DA:111,0
DA:112,0
DA:113,0
DA:114,0
DA:115,0
DA:116,0
DA:117,0
DA:118,0
DA:119,0
DA:120,0
DA:121,0
DA:122,0
DA:123,0
DA:124,0
DA:125,0
DA:126,0
DA:127,0
DA:128,0
DA:129,0
DA:130,0
DA:131,0
DA:132,0
DA:133,0
DA:134,0
DA:135,0
DA:136,0
DA:137,0
DA:138,0
DA:139,0
DA:140,0
DA:141,0
DA:142,0
DA:144,0
DA:145,0
DA:146,0
DA:147,0
DA:148,0
DA:150,0
DA:151,0
DA:152,0
DA:153,0
DA:155,0
DA:156,0
DA:157,0
DA:159,0
DA:160,0
DA:161,0
DA:162,0
DA:164,0
DA:166,0
DA:167,0
DA:168,0
DA:169,0
DA:170,0
DA:172,0
DA:173,0
DA:175,0
DA:176,0
DA:177,0
DA:178,0
DA:179,0
DA:180,0
DA:181,0
DA:182,0
DA:183,0
DA:184,0
DA:185,0
DA:186,0
DA:187,0
DA:188,0
DA:189,0
DA:190,0
DA:191,0
DA:192,0
DA:193,0
DA:194,0
DA:195,0
DA:196,0
DA:197,0
DA:198,0
DA:199,0
DA:200,0
DA:201,0
DA:202,0
DA:203,0
DA:204,0
DA:205,0
DA:206,0
DA:207,0
DA:208,0
DA:209,0
DA:210,0
DA:211,0
DA:212,0
DA:213,0
DA:214,0
DA:215,0
DA:217,0
DA:218,0
DA:219,0
DA:220,0
DA:221,0
DA:222,1
DA:225,1
DA:226,0
DA:227,0
DA:228,0
DA:229,0
DA:230,0
DA:231,0
DA:232,0
DA:233,0
DA:234,0
DA:235,1
DA:237,1
DA:238,0
DA:239,0
DA:240,0
DA:241,0
DA:242,0
DA:243,0
DA:244,0
DA:245,0
DA:246,0
DA:247,1
DA:249,1
DA:250,0
DA:251,0
DA:252,0
DA:253,0
DA:254,1
DA:257,1
DA:258,0
DA:260,0
DA:261,0
DA:262,0
DA:263,0
DA:264,0
DA:265,1
DA:267,1
DA:268,0
DA:269,0
DA:271,0
DA:272,0
DA:273,0
DA:274,0
DA:275,0
DA:276,0
DA:278,0
DA:279,0
DA:280,0
DA:281,0
DA:282,0
DA:284,0
DA:285,0
DA:286,0
DA:287,0
DA:289,0
DA:290,0
DA:291,0
DA:292,0
DA:294,0
DA:295,0
DA:296,0
DA:297,0
DA:298,0
DA:299,0
DA:300,0
DA:301,0
DA:302,0
DA:303,0
DA:304,0
DA:305,0
DA:306,0
DA:307,0
DA:308,0
DA:309,0
DA:310,0
DA:311,0
DA:312,0
DA:313,0
DA:314,0
DA:315,0
DA:316,0
DA:318,0
DA:319,0
DA:320,0
DA:321,0
DA:322,0
DA:323,1
DA:326,1
DA:327,0
DA:328,0
DA:329,0
DA:330,1
DA:332,1
DA:333,0
DA:334,0
DA:335,0
DA:336,0
DA:337,0
DA:338,0
DA:341,0
DA:342,0
DA:344,0
DA:345,0
DA:346,0
DA:347,0
DA:348,0
DA:350,0
DA:351,0
DA:352,0
DA:353,0
DA:354,0
DA:355,0
DA:356,0
DA:357,0
DA:358,0
DA:359,0
DA:360,0
DA:361,0
DA:362,0
DA:363,0
DA:364,0
DA:365,0
DA:367,0
DA:368,0
DA:369,0
DA:370,0
DA:371,0
DA:372,0
DA:373,0
DA:374,0
DA:375,0
DA:376,0
DA:377,0
DA:378,0
DA:379,0
DA:380,0
DA:381,0
DA:382,0
DA:383,0
DA:384,0
DA:385,0
DA:386,0
DA:388,0
DA:389,0
DA:390,1
DA:392,1
DA:393,0
DA:394,0
DA:395,0
DA:396,0
DA:397,0
DA:398,0
DA:399,1
DA:401,1
DA:402,0
DA:403,1
DA:405,1
DA:406,0
DA:407,1
DA:409,1
DA:410,0
DA:411,1
DA:413,1
DA:414,0
DA:415,1
DA:418,1
DA:419,0
DA:420,0
DA:421,0
DA:422,0
DA:423,0
DA:424,0
DA:425,0
DA:426,0
DA:427,1
DA:430,1
DA:431,0
DA:432,0
DA:433,1
DA:434,1
DA:438,0
DA:439,0
DA:440,0
DA:441,0
DA:442,0
DA:443,0
DA:445,0
DA:446,0
DA:447,0
DA:448,0
DA:449,0
DA:450,0
DA:451,0
DA:453,0
DA:454,0
DA:455,0
DA:456,0
DA:458,0
DA:459,0
DA:460,0
LF:359
LH:55
BRDA:48,0,0,1
BRF:1
BRH:1
end_of_record
TN:
SF:packages/cli/src/boot/Installer.ts
FN:16,highlight
FN:46,ensureDependencies
FN:151,handleFixJson
FN:207,handleAiFix
FNF:4
FNH:1
FNDA:0,highlight
FNDA:1,ensureDependencies
FNDA:0,handleFixJson
FNDA:0,handleAiFix
DA:1,1
DA:2,1
DA:3,1
DA:4,1
DA:5,1
DA:6,1
DA:7,1
DA:11,1
DA:13,1
DA:14,1
DA:15,1
DA:16,1
DA:17,1
DA:18,1
DA:19,1
DA:21,1
DA:22,1
DA:23,1
DA:24,1
DA:25,1
DA:26,1
DA:27,1
DA:28,1
DA:29,1
DA:30,1
DA:31,1
DA:32,1
DA:33,1
DA:34,1
DA:46,1
DA:47,1
DA:48,1
DA:49,1
DA:50,1
DA:51,1
DA:52,1
DA:53,0
DA:55,0
DA:56,1
DA:58,1
DA:59,1
DA:60,1
DA:62,1
DA:63,1
DA:64,0
DA:65,0
DA:66,0
DA:67,0
DA:68,0
DA:69,0
DA:70,0
DA:71,0
DA:72,0
DA:73,0
DA:74,0
DA:75,0
DA:76,0
DA:77,0
DA:78,0
DA:79,0
DA:80,0
DA:83,0
DA:84,0
DA:85,0
DA:86,0
DA:89,0
DA:90,0
DA:91,0
DA:92,0
DA:93,0
DA:94,0
DA:95,0
DA:96,0
DA:97,0
DA:99,0
DA:101,0
DA:102,0
DA:103,0
DA:104,0
DA:105,0
DA:106,0
DA:107,0
DA:108,0
DA:109,0
DA:110,0
DA:112,0
DA:113,0
DA:114,0
DA:115,0
DA:116,0
DA:117,0
DA:118,0
DA:119,0
DA:120,0
DA:121,0
DA:123,0
DA:124,0
DA:125,0
DA:126,0
DA:127,0
DA:128,0
DA:129,0
DA:130,0
DA:131,0
DA:132,0
DA:133,0
DA:134,0
DA:136,0
DA:137,0
DA:138,0
DA:139,0
DA:140,0
DA:141,0
DA:142,0
DA:143,0
DA:144,0
DA:145,0
DA:146,0
DA:147,1
DA:151,0
DA:152,0
DA:153,0
DA:154,0
DA:155,0
DA:156,0
DA:157,0
DA:158,0
DA:159,0
DA:162,0
DA:163,0
DA:164,0
DA:167,0
DA:168,0
DA:169,0
DA:170,0
DA:171,0
DA:172,0
DA:173,0
DA:174,0
DA:175,0
DA:176,0
DA:177,0
DA:178,0
DA:179,0
DA:180,0
DA:181,0
DA:182,0
DA:183,0
DA:184,0
DA:185,0
DA:187,0
DA:188,0
DA:189,0
DA:190,0
DA:191,0
DA:192,0
DA:193,0
DA:194,0
DA:196,0
DA:197,0
DA:198,0
DA:199,0
DA:200,0
DA:201,0
DA:202,0
DA:203,0
DA:204,0
DA:205,0
DA:207,0
DA:208,0
DA:209,0
DA:210,0
DA:211,0
DA:212,0
DA:213,0
DA:214,0
DA:215,0
DA:217,0
DA:218,0
DA:219,0
DA:220,0
DA:221,0
DA:222,0
DA:223,0
DA:224,0
DA:225,0
DA:226,0
DA:227,0
DA:228,0
DA:229,0
DA:230,0
DA:231,0
DA:232,0
DA:234,0
DA:235,0
DA:236,0
DA:237,0
DA:238,0
DA:239,0
DA:240,0
DA:241,0
DA:242,0
DA:243,0
DA:244,0
DA:245,0
DA:246,0
DA:248,0
DA:249,0
DA:250,0
DA:251,0
DA:252,0
DA:253,0
DA:254,0
DA:256,0
DA:257,0
DA:258,0
DA:259,0
DA:260,0
DA:261,0
DA:262,0
LF:220
LH:43
BRDA:46,0,0,1
BRDA:52,1,0,0
BRDA:56,2,0,0
BRDA:56,3,0,0
BRDA:63,4,0,0
BRF:5
BRH:1
end_of_record
TN:
SF:packages/cli/src/boot/PortKiller.ts
FN:1,(empty-report)
FNF:1
FNH:0
FNDA:0,(empty-report)
DA:1,0
DA:2,0
DA:3,0
DA:4,0
DA:36,0
DA:37,0
DA:38,0
DA:44,0
DA:46,0
DA:54,0
DA:56,0
DA:57,0
DA:59,0
DA:60,0
DA:61,0
DA:62,0
DA:63,0
DA:65,0
DA:66,0
DA:68,0
DA:69,0
DA:72,0
DA:73,0
DA:74,0
DA:76,0
DA:77,0
DA:78,0
DA:79,0
DA:80,0
DA:81,0
DA:82,0
DA:84,0
DA:85,0
DA:87,0
DA:88,0
DA:89,0
DA:90,0
DA:92,0
DA:93,0
DA:99,0
DA:100,0
DA:101,0
DA:102,0
DA:103,0
DA:104,0
DA:105,0
DA:106,0
DA:108,0
DA:109,0
DA:110,0
DA:111,0
DA:112,0
DA:113,0
DA:114,0
DA:115,0
DA:117,0
DA:118,0
DA:119,0
DA:120,0
DA:121,0
DA:122,0
DA:123,0
DA:125,0
DA:126,0
DA:129,0
DA:130,0
DA:131,0
DA:132,0
DA:134,0
DA:135,0
DA:136,0
DA:137,0
DA:138,0
DA:139,0
DA:141,0
DA:142,0
DA:143,0
DA:144,0
DA:146,0
DA:147,0
DA:148,0
DA:149,0
DA:150,0
DA:152,0
DA:153,0
DA:160,0
DA:161,0
DA:162,0
DA:163,0
DA:164,0
DA:165,0
DA:167,0
DA:168,0
DA:169,0
DA:170,0
DA:172,0
DA:177,0
DA:178,0
DA:179,0
DA:180,0
DA:182,0
DA:185,0
DA:186,0
DA:187,0
DA:188,0
DA:189,0
DA:190,0
DA:191,0
DA:192,0
DA:193,0
DA:194,0
DA:195,0
DA:197,0
DA:198,0
DA:199,0
DA:200,0
DA:201,0
DA:216,0
DA:217,0
DA:219,0
DA:221,0
DA:223,0
DA:224,0
DA:225,0
DA:227,0
DA:228,0
DA:230,0
DA:232,0
DA:233,0
DA:234,0
DA:235,0
DA:236,0
DA:237,0
DA:238,0
DA:239,0
DA:241,0
DA:242,0
LF:137
LH:0
BRDA:1,0,0,0
BRF:1
BRH:0
end_of_record
TN:
SF:packages/cli/src/boot/PortManager.ts
FN:21,isPortInUse
FN:40,killPort
FN:54,findNextFreePort
FN:82,findFreePortPair
FNF:4
FNH:4
FNDA:28,isPortInUse
FNDA:2,killPort
FNDA:5,findNextFreePort
FNDA:3,findFreePortPair
DA:1,1
DA:2,1
DA:14,1
DA:21,1
DA:22,28
DA:23,28
DA:24,28
DA:25,28
DA:26,18
DA:27,18
DA:28,28
DA:29,28
DA:30,28
DA:31,28
DA:40,1
DA:41,2
DA:42,2
DA:54,1
DA:55,5
DA:56,5
DA:59,5
DA:60,11
DA:61,4
DA:62,4
DA:63,11
DA:66,1
DA:67,1
DA:68,1
DA:69,1
DA:70,1
DA:72,0
DA:73,5
DA:82,1
DA:83,3
DA:84,3
DA:85,3
DA:86,3
DA:87,3
DA:88,3
DA:90,3
DA:91,2
DA:92,2
DA:93,2
DA:94,0
DA:95,0
DA:96,2
DA:98,3
DA:99,3
DA:100,1
LF:49
LH:46
BRDA:21,0,0,28
BRDA:22,1,0,28
BRDA:24,2,0,10
BRDA:25,3,0,18
BRDA:40,4,0,2
BRDA:41,5,0,1
BRDA:54,6,0,5
BRDA:59,7,0,11
BRDA:60,8,0,4
BRDA:63,9,0,1
BRDA:70,10,0,0
BRDA:82,11,0,3
BRDA:90,12,0,5
BRDA:90,13,0,4
BRDA:90,14,0,2
BRDA:93,15,0,0
BRF:16
BRH:14
end_of_record
TN:
SF:packages/cli/src/boot/ScaffoldRunner.ts
FN:28,runScaffold
FNF:1
FNH:1
FNDA:1,runScaffold
DA:1,1
DA:2,1
DA:3,1
DA:4,1
DA:5,1
DA:6,1
DA:7,1
DA:9,1
DA:10,1
DA:13,1
DA:28,1
DA:29,1
DA:30,1
DA:31,1
DA:32,1
DA:33,1
DA:34,1
DA:35,1
DA:38,0
DA:39,0
DA:40,0
DA:41,0
DA:42,0
DA:43,0
DA:44,0
DA:45,0
DA:46,0
DA:47,0
DA:48,0
DA:49,0
DA:50,0
DA:52,1
DA:53,1
DA:55,0
DA:57,0
DA:58,0
DA:59,0
DA:60,0
DA:61,0
DA:62,0
DA:63,0
DA:64,0
DA:65,0
DA:66,0
DA:67,0
DA:68,0
DA:69,0
DA:70,0
DA:71,0
DA:72,0
DA:73,0
DA:74,0
DA:76,0
DA:77,0
DA:78,0
DA:79,0
DA:80,0
DA:81,0
DA:82,0
DA:83,0
DA:84,0
DA:85,0
DA:87,0
DA:88,0
DA:90,0
DA:91,0
DA:92,0
DA:93,0
DA:94,0
DA:95,0
DA:96,0
DA:97,0
DA:98,0
DA:99,0
DA:101,0
DA:102,0
DA:104,0
DA:105,0
DA:106,0
DA:107,0
DA:108,0
DA:109,0
DA:110,0
DA:111,0
DA:112,0
DA:113,0
DA:114,0
DA:115,0
DA:117,0
DA:118,0
DA:119,0
DA:120,0
DA:121,0
DA:122,0
DA:124,0
DA:125,0
DA:126,0
DA:129,0
DA:130,0
DA:132,0
DA:134,0
DA:135,0
DA:138,0
DA:139,0
DA:142,0
DA:143,0
DA:144,0
DA:145,0
DA:146,0
DA:147,1
DA:148,1
DA:149,1
DA:150,1
DA:151,1
DA:152,1
DA:154,1
DA:155,1
DA:157,1
DA:158,0
DA:159,0
DA:160,0
DA:161,0
DA:162,0
DA:164,0
DA:165,0
LF:125
LH:29
BRDA:28,0,0,1
BRDA:35,1,0,0
BRDA:53,2,0,0
BRDA:149,3,0,0
BRDA:151,4,0,0
BRDA:151,5,0,0
BRDA:154,6,0,0
BRDA:155,7,0,0
BRDA:157,8,0,0
BRF:9
BRH:1
end_of_record
TN:
SF:packages/cli/src/boot/TelemetryEmitter.ts
FN:18,sendBootTelemetry
FN:31,remoteUrl
FNF:2
FNH:1
FNDA:2,sendBootTelemetry
FNDA:0,remoteUrl
DA:1,1
DA:2,1
DA:3,1
DA:5,1
DA:6,1
DA:9,1
DA:18,2
DA:19,2
DA:20,2
DA:21,2
DA:22,2
DA:23,2
DA:24,2
DA:25,2
DA:27,0
DA:29,0
DA:30,0
DA:31,0
DA:32,0
DA:33,0
DA:34,0
DA:35,0
DA:36,0
DA:37,0
DA:38,0
DA:39,0
DA:40,0
DA:41,0
DA:42,0
DA:43,0
DA:44,0
DA:45,0
DA:47,0
DA:48,0
DA:49,0
DA:50,0
DA:52,0
DA:53,0
DA:54,0
DA:55,0
DA:56,0
DA:57,0
DA:58,2
DA:59,2
DA:60,2
DA:61,2
DA:62,2
DA:63,0
DA:64,0
DA:65,0
DA:66,0
DA:67,0
DA:68,0
DA:69,0
DA:70,0
DA:71,0
DA:72,0
DA:73,0
DA:74,0
DA:75,2
DA:76,2
DA:77,2
LF:62
LH:22
BRDA:18,0,0,2
BRDA:25,1,0,0
BRDA:60,2,0,0
BRDA:60,3,0,0
BRDA:60,4,0,0
BRF:5
BRH:1
end_of_record
TN:
SF:packages/cli/src/boot/utils.ts
FN:7,isNonInteractive
FNF:1
FNH:1
FNDA:4,isNonInteractive
DA:7,1
DA:8,4
DA:9,4
LF:3
LH:3
BRDA:7,0,0,4
BRDA:8,1,0,3
BRF:2
BRH:2
end_of_record
TN:
SF:packages/cli/src/commands/bible.ts
FN:1,(empty-report)
FNF:1
FNH:0
FNDA:0,(empty-report)
DA:1,0
DA:3,0
DA:5,0
DA:151,0
DA:152,0
DA:153,0
DA:154,0
DA:155,0
DA:156,0
DA:157,0
DA:158,0
LF:11
LH:0
BRDA:1,0,0,0
BRF:1
BRH:0
end_of_record
TN:
SF:packages/cli/src/commands/chat.ts
FN:1,(empty-report)
FNF:1
FNH:0
FNDA:0,(empty-report)
DA:1,0
DA:3,0
DA:4,0
DA:5,0
DA:6,0
LF:5
LH:0
BRDA:1,0,0,0
BRF:1
BRH:0
end_of_record
TN:
SF:packages/cli/src/commands/doctor.ts
FN:32,checkNodeVersion
FN:41,checkGitOnPath
FN:50,checkNovaDirWritable
FN:68,checkPortAvailable
FN:112,checkProviderPing
FN:173,checkClaudeCli
FN:186,checkOllamaReachable
FN:209,checkVersionMatch
FN:249,runDoctor
FN:322,formatTextOutput
FN:344,formatJsonOutput
FN:351,doctorCommand
FNF:12
FNH:11
FNDA:20,checkNodeVersion
FNDA:20,checkGitOnPath
FNDA:20,checkNovaDirWritable
FNDA:20,checkPortAvailable
FNDA:20,checkProviderPing
FNDA:1,checkClaudeCli
FNDA:10,checkOllamaReachable
FNDA:20,checkVersionMatch
FNDA:20,runDoctor
FNDA:20,formatTextOutput
FNDA:0,formatJsonOutput
FNDA:20,doctorCommand
DA:1,1
DA:2,1
DA:3,1
DA:4,1
DA:5,1
DA:6,1
DA:7,1
DA:10,1
DA:32,20
DA:33,20
DA:34,20
DA:35,20
DA:36,20
DA:37,20
DA:38,0
DA:39,0
DA:41,20
DA:42,20
DA:43,20
DA:44,20
DA:45,20
DA:46,0
DA:47,0
DA:48,20
DA:50,20
DA:51,20
DA:52,20
DA:53,20
DA:54,20
DA:55,20
DA:56,20
DA:57,20
DA:58,20
DA:59,0
DA:60,0
DA:61,0
DA:62,0
DA:63,0
DA:64,0
DA:65,0
DA:66,20
DA:68,20
DA:69,20
DA:70,20
DA:71,20
DA:72,0
DA:73,0
DA:74,0
DA:76,0
DA:77,0
DA:78,20
DA:80,20
DA:81,0
DA:82,0
DA:83,0
DA:84,0
DA:85,0
DA:86,0
DA:87,0
DA:88,0
DA:89,0
DA:90,0
DA:91,0
DA:92,0
DA:93,0
DA:94,0
DA:95,20
DA:97,20
DA:98,20
DA:99,20
DA:100,20
DA:101,20
DA:102,20
DA:103,20
DA:104,20
DA:105,20
DA:106,20
DA:108,20
DA:109,20
DA:110,20
DA:112,20
DA:113,20
DA:116,20
DA:117,11
DA:118,11
DA:119,11
DA:121,11
DA:122,11
DA:123,0
DA:124,0
DA:125,0
DA:126,0
DA:127,0
DA:128,0
DA:129,0
DA:130,11
DA:131,11
DA:132,11
DA:133,11
DA:134,11
DA:135,11
DA:136,11
DA:137,11
DA:138,11
DA:141,9
DA:142,20
DA:143,1
DA:144,1
DA:145,1
DA:146,1
DA:147,1
DA:148,1
DA:150,8
DA:151,8
DA:152,8
DA:154,8
DA:155,20
DA:156,0
DA:157,0
DA:158,0
DA:159,0
DA:160,0
DA:161,0
DA:162,0
DA:163,20
DA:164,8
DA:165,8
DA:166,8
DA:167,8
DA:168,8
DA:169,8
DA:170,8
DA:171,20
DA:173,1
DA:174,1
DA:175,1
DA:176,1
DA:177,1
DA:178,0
DA:179,0
DA:180,0
DA:181,0
DA:182,0
DA:183,0
DA:184,1
DA:186,10
DA:187,10
DA:188,10
DA:189,10
DA:190,10
DA:191,10
DA:192,10
DA:193,10
DA:194,0
DA:195,0
DA:196,0
DA:197,0
DA:198,0
DA:199,0
DA:200,0
DA:201,0
DA:202,0
DA:203,0
DA:204,0
DA:205,0
DA:206,0
DA:207,10
DA:209,20
DA:210,20
DA:211,20
DA:212,20
DA:213,20
DA:214,20
DA:215,0
DA:216,0
DA:217,0
DA:218,0
DA:219,0
DA:220,0
DA:221,20
DA:222,20
DA:223,20
DA:224,0
DA:225,0
DA:226,0
DA:227,0
DA:228,0
DA:229,0
DA:230,20
DA:231,0
DA:232,0
DA:233,20
DA:234,20
DA:235,20
DA:236,20
DA:237,20
DA:238,20
DA:239,0
DA:240,0
DA:241,0
DA:242,0
DA:243,0
DA:244,0
DA:245,20
DA:249,20
DA:250,20
DA:253,20
DA:254,20
DA:255,20
DA:256,20
DA:257,20
DA:258,20
DA:259,0
DA:261,0
DA:263,20
DA:266,20
DA:269,20
DA:272,20
DA:275,20
DA:276,20
DA:277,20
DA:278,0
DA:279,0
DA:280,0
DA:281,0
DA:282,0
DA:283,0
DA:284,0
DA:285,0
DA:288,20
DA:289,1
DA:290,1
DA:293,20
DA:294,10
DA:295,10
DA:298,20
DA:299,20
DA:302,20
DA:303,20
DA:304,20
DA:305,20
DA:306,20
DA:307,20
DA:308,20
DA:309,20
DA:310,0
DA:311,20
DA:313,20
DA:314,20
DA:316,20
DA:317,20
DA:318,20
DA:322,1
DA:323,20
DA:324,20
DA:325,131
DA:326,131
DA:327,91
DA:328,131
DA:329,20
DA:330,20
DA:331,20
DA:332,20
DA:333,131
DA:334,131
DA:335,0
DA:336,131
DA:337,0
DA:338,131
DA:339,131
DA:340,131
DA:341,20
DA:342,20
DA:344,1
DA:345,0
DA:346,0
DA:347,0
DA:351,20
DA:352,20
DA:354,20
DA:355,0
DA:356,20
DA:357,20
DA:358,20
DA:359,20
DA:362,20
DA:363,20
DA:364,20
DA:365,20
LF:289
LH:189
BRDA:32,0,0,20
BRDA:37,1,0,0
BRDA:41,2,0,20
BRDA:45,3,0,0
BRDA:50,4,0,20
BRDA:58,5,0,0
BRDA:68,6,0,20
BRDA:69,7,0,20
BRDA:97,8,0,20
BRDA:99,9,0,20
BRDA:112,10,0,20
BRDA:116,11,0,10
BRDA:116,12,0,11
BRDA:122,13,0,0
BRDA:131,14,0,0
BRDA:138,15,0,9
BRDA:142,16,0,1
BRDA:148,17,0,8
BRDA:155,18,0,0
BRDA:163,19,0,8
BRDA:164,20,0,0
BRDA:173,21,0,1
BRDA:176,22,0,0
BRDA:177,23,0,0
BRDA:186,24,0,10
BRDA:193,25,0,0
BRDA:209,26,0,20
BRDA:214,27,0,0
BRDA:223,28,0,0
BRDA:230,29,0,0
BRDA:238,30,0,0
BRDA:249,31,0,20
BRDA:250,32,0,0
BRDA:258,33,0,0
BRDA:277,34,0,0
BRDA:288,35,0,1
BRDA:293,36,0,10
BRDA:293,37,0,0
BRDA:293,38,0,10
BRDA:298,39,0,0
BRDA:309,40,0,0
BRDA:317,41,0,0
BRDA:316,42,0,80
BRDA:322,43,0,20
BRDA:324,44,0,131
BRDA:326,45,0,91
BRDA:327,46,0,0
BRDA:328,47,0,40
BRDA:328,48,0,20
BRDA:329,49,0,0
BRDA:331,50,0,0
BRDA:334,51,0,0
BRDA:334,52,0,0
BRDA:336,53,0,0
BRDA:336,54,0,0
BRDA:351,55,0,20
BRDA:354,56,0,0
BRF:57
BRH:28
end_of_record
TN:
SF:packages/cli/src/commands/entity.ts
FN:1,(empty-report)
FNF:1
FNH:0
FNDA:0,(empty-report)
DA:1,0
DA:2,0
DA:3,0
DA:11,0
DA:12,0
DA:14,0
DA:16,0
DA:17,0
DA:19,0
DA:20,0
DA:21,0
DA:22,0
DA:25,0
DA:26,0
DA:27,0
DA:29,0
DA:30,0
DA:31,0
DA:32,0
DA:33,0
DA:34,0
DA:35,0
DA:36,0
DA:37,0
DA:38,0
DA:39,0
DA:40,0
DA:41,0
DA:42,0
DA:43,0
DA:44,0
DA:45,0
DA:46,0
DA:47,0
DA:49,0
DA:50,0
DA:52,0
DA:53,0
DA:54,0
DA:56,0
DA:57,0
DA:58,0
DA:59,0
DA:60,0
DA:61,0
DA:63,0
DA:64,0
DA:65,0
DA:66,0
DA:67,0
DA:68,0
DA:69,0
DA:71,0
DA:72,0
DA:73,0
DA:74,0
DA:75,0
DA:77,0
DA:78,0
DA:80,0
DA:81,0
DA:82,0
DA:83,0
DA:84,0
DA:85,0
DA:86,0
DA:87,0
DA:88,0
DA:89,0
DA:90,0
DA:91,0
DA:92,0
DA:93,0
DA:94,0
DA:96,0
DA:97,0
DA:98,0
DA:99,0
DA:100,0
DA:101,0
DA:102,0
DA:104,0
DA:105,0
DA:106,0
DA:108,0
DA:109,0
DA:110,0
DA:111,0
DA:112,0
DA:113,0
DA:114,0
DA:115,0
DA:116,0
DA:117,0
DA:118,0
DA:119,0
DA:120,0
DA:122,0
DA:123,0
DA:124,0
DA:125,0
DA:126,0
DA:127,0
DA:128,0
DA:130,0
DA:131,0
DA:132,0
DA:133,0
DA:134,0
DA:135,0
DA:136,0
DA:137,0
DA:139,0
DA:140,0
DA:141,0
DA:142,0
DA:143,0
DA:144,0
DA:145,0
DA:146,0
DA:147,0
DA:148,0
DA:149,0
DA:150,0
DA:151,0
DA:152,0
DA:153,0
DA:155,0
DA:156,0
DA:157,0
DA:158,0
DA:159,0
DA:160,0
DA:162,0
DA:163,0
DA:164,0
DA:165,0
DA:167,0
DA:168,0
DA:169,0
DA:170,0
DA:171,0
DA:172,0
DA:173,0
DA:174,0
DA:176,0
DA:177,0
DA:178,0
DA:179,0
DA:180,0
DA:181,0
DA:182,0
DA:183,0
DA:185,0
DA:186,0
DA:187,0
DA:188,0
DA:189,0
DA:190,0
DA:191,0
DA:192,0
DA:194,0
DA:195,0
DA:196,0
DA:197,0
DA:198,0
DA:199,0
DA:200,0
DA:201,0
DA:202,0
DA:203,0
DA:204,0
DA:205,0
DA:206,0
DA:208,0
DA:209,0
DA:210,0
DA:211,0
DA:213,0
DA:214,0
DA:216,0
DA:217,0
DA:218,0
DA:219,0
DA:220,0
DA:221,0
DA:222,0
DA:223,0
LF:188
LH:0
BRDA:1,0,0,0
BRF:1
BRH:0
end_of_record
TN:
SF:packages/cli/src/commands/init.ts
FN:1,(empty-report)
FNF:1
FNH:0
FNDA:0,(empty-report)
DA:1,0
DA:2,0
DA:3,0
DA:4,0
DA:5,0
DA:7,0
DA:9,0
DA:10,0
DA:11,0
DA:13,0
DA:14,0
DA:15,0
DA:16,0
DA:17,0
DA:19,0
DA:20,0
DA:22,0
DA:23,0
DA:24,0
DA:25,0
DA:26,0
DA:27,0
DA:29,0
DA:30,0
DA:31,0
DA:32,0
DA:33,0
DA:34,0
DA:35,0
DA:36,0
DA:37,0
DA:38,0
DA:39,0
DA:40,0
DA:41,0
DA:42,0
DA:43,0
DA:44,0
DA:46,0
DA:47,0
DA:48,0
LF:41
LH:0
BRDA:1,0,0,0
BRF:1
BRH:0
end_of_record
TN:
SF:packages/cli/src/commands/license.ts
FN:1,(empty-report)
FNF:1
FNH:0
FNDA:0,(empty-report)
DA:1,0
DA:2,0
DA:3,0
DA:5,0
DA:7,0
DA:8,0
DA:9,0
DA:11,0
DA:12,0
DA:13,0
DA:14,0
DA:16,0
DA:17,0
DA:18,0
DA:19,0
DA:20,0
DA:21,0
DA:22,0
DA:23,0
DA:24,0
DA:25,0
DA:26,0
DA:27,0
DA:28,0
DA:29,0
DA:31,0
DA:32,0
DA:33,0
DA:34,0
DA:35,0
DA:36,0
DA:38,0
DA:39,0
DA:40,0
DA:41,0
DA:43,0
DA:44,0
DA:45,0
DA:47,0
DA:48,0
DA:49,0
DA:50,0
DA:51,0
DA:52,0
DA:53,0
DA:54,0
DA:55,0
DA:56,0
DA:57,0
DA:58,0
DA:59,0
DA:60,0
DA:61,0
DA:63,0
DA:65,0
DA:66,0
DA:67,0
DA:68,0
DA:71,0
DA:72,0
DA:73,0
DA:74,0
DA:75,0
DA:76,0
DA:77,0
DA:78,0
DA:79,0
DA:80,0
DA:81,0
DA:82,0
DA:83,0
DA:84,0
DA:85,0
DA:86,0
DA:87,0
DA:88,0
DA:89,0
DA:90,0
DA:92,0
DA:93,0
DA:95,0
DA:96,0
DA:97,0
DA:98,0
DA:101,0
DA:102,0
DA:103,0
DA:104,0
DA:105,0
DA:107,0
DA:108,0
LF:91
LH:0
BRDA:1,0,0,0
BRF:1
BRH:0
end_of_record
TN:
SF:packages/cli/src/commands/review.ts
FN:1,(empty-report)
FNF:1
FNH:0
FNDA:0,(empty-report)
DA:1,0
DA:3,0
DA:4,0
DA:5,0
DA:6,0
LF:5
LH:0
BRDA:1,0,0,0
BRF:1
BRH:0
end_of_record
TN:
SF:packages/cli/src/commands/start.ts
FN:1,(empty-report)
FNF:1
FNH:0
FNDA:0,(empty-report)
DA:1,0
DA:2,0
DA:3,0
DA:4,0
DA:5,0
DA:6,0
DA:7,0
DA:28,0
DA:29,0
DA:30,0
DA:31,0
DA:32,0
DA:33,0
DA:34,0
DA:35,0
DA:36,0
DA:37,0
DA:38,0
DA:39,0
DA:40,0
DA:41,0
DA:44,0
DA:46,0
DA:48,0
DA:49,0
DA:50,0
DA:51,0
DA:52,0
DA:53,0
DA:54,0
DA:55,0
DA:56,0
DA:57,0
DA:58,0
DA:59,0
DA:60,0
DA:61,0
DA:62,0
DA:63,0
DA:64,0
DA:65,0
DA:66,0
DA:67,0
DA:68,0
DA:69,0
DA:70,0
DA:71,0
DA:72,0
DA:73,0
DA:74,0
DA:75,0
DA:76,0
DA:77,0
DA:78,0
DA:82,0
DA:83,0
DA:84,0
DA:85,0
DA:86,0
DA:87,0
DA:88,0
DA:89,0
DA:91,0
DA:92,0
DA:93,0
DA:94,0
DA:95,0
DA:96,0
DA:97,0
DA:98,0
DA:100,0
DA:101,0
DA:102,0
DA:103,0
DA:104,0
DA:105,0
DA:106,0
DA:109,0
DA:110,0
DA:111,0
DA:112,0
DA:113,0
DA:114,0
DA:115,0
DA:116,0
DA:117,0
DA:118,0
DA:121,0
DA:124,0
DA:125,0
DA:126,0
DA:127,0
DA:128,0
DA:129,0
DA:130,0
DA:131,0
DA:132,0
DA:133,0
DA:134,0
DA:135,0
DA:136,0
DA:137,0
DA:138,0
DA:139,0
DA:140,0
DA:141,0
DA:142,0
DA:143,0
DA:144,0
DA:145,0
DA:146,0
DA:147,0
DA:150,0
DA:151,0
DA:152,0
DA:153,0
DA:154,0
DA:155,0
DA:156,0
DA:157,0
DA:158,0
DA:159,0
DA:160,0
DA:161,0
DA:164,0
DA:165,0
DA:166,0
DA:167,0
DA:168,0
DA:171,0
DA:172,0
DA:173,0
DA:174,0
DA:175,0
DA:176,0
DA:177,0
DA:178,0
DA:179,0
DA:182,0
DA:183,0
DA:184,0
DA:185,0
DA:186,0
DA:187,0
DA:188,0
DA:189,0
DA:190,0
DA:191,0
DA:192,0
DA:193,0
DA:194,0
DA:195,0
DA:196,0
DA:197,0
DA:198,0
DA:199,0
DA:200,0
DA:201,0
DA:202,0
DA:203,0
DA:204,0
DA:205,0
DA:206,0
DA:207,0
DA:208,0
DA:209,0
DA:210,0
DA:211,0
DA:212,0
DA:213,0
DA:214,0
DA:215,0
DA:216,0
DA:219,0
DA:220,0
DA:221,0
DA:222,0
DA:223,0
DA:224,0
DA:225,0
DA:228,0
DA:229,0
DA:230,0
DA:231,0
DA:232,0
DA:233,0
DA:234,0
DA:235,0
DA:236,0
DA:237,0
DA:238,0
DA:239,0
DA:240,0
DA:241,0
DA:242,0
DA:243,0
DA:244,0
DA:245,0
DA:246,0
DA:247,0
DA:250,0
DA:253,0
DA:254,0
DA:255,0
DA:256,0
DA:257,0
DA:258,0
DA:259,0
DA:260,0
DA:261,0
DA:262,0
DA:263,0
DA:264,0
DA:265,0
DA:266,0
DA:267,0
DA:270,0
DA:271,0
DA:272,0
DA:273,0
DA:274,0
DA:275,0
DA:276,0
DA:277,0
DA:278,0
DA:279,0
DA:280,0
DA:281,0
DA:282,0
DA:284,0
DA:285,0
DA:286,0
DA:287,0
DA:288,0
DA:289,0
DA:290,0
DA:291,0
DA:292,0
DA:293,0
DA:294,0
DA:295,0
DA:296,0
DA:297,0
DA:300,0
DA:301,0
DA:302,0
DA:305,0
DA:306,0
DA:307,0
DA:308,0
DA:309,0
DA:310,0
DA:311,0
DA:312,0
DA:313,0
DA:314,0
DA:315,0
DA:316,0
DA:317,0
DA:318,0
DA:319,0
DA:320,0
DA:321,0
DA:322,0
DA:323,0
DA:324,0
DA:327,0
DA:328,0
DA:329,0
DA:330,0
DA:331,0
DA:332,0
DA:333,0
DA:334,0
DA:335,0
DA:336,0
DA:337,0
DA:338,0
DA:339,0
DA:340,0
DA:341,0
DA:342,0
DA:343,0
DA:344,0
DA:345,0
DA:346,0
DA:347,0
DA:348,0
DA:349,0
DA:350,0
DA:351,0
DA:352,0
DA:353,0
DA:354,0
DA:355,0
DA:356,0
DA:357,0
DA:358,0
DA:359,0
DA:360,0
DA:361,0
DA:362,0
DA:364,0
DA:365,0
DA:366,0
DA:367,0
DA:368,0
DA:369,0
DA:370,0
DA:371,0
DA:372,0
DA:373,0
DA:374,0
DA:375,0
DA:376,0
DA:378,0
DA:379,0
DA:380,0
DA:381,0
DA:382,0
DA:383,0
DA:384,0
DA:385,0
DA:386,0
DA:389,0
DA:390,0
DA:391,0
DA:392,0
DA:393,0
DA:394,0
DA:395,0
DA:396,0
DA:397,0
DA:398,0
DA:399,0
DA:400,0
DA:401,0
DA:402,0
DA:403,0
DA:404,0
DA:406,0
DA:407,0
DA:410,0
DA:411,0
DA:412,0
DA:413,0
DA:414,0
DA:415,0
DA:416,0
DA:417,0
DA:418,0
DA:419,0
DA:420,0
DA:421,0
DA:422,0
DA:423,0
DA:424,0
DA:428,0
DA:429,0
DA:430,0
DA:432,0
DA:433,0
DA:434,0
DA:435,0
DA:436,0
DA:437,0
DA:438,0
DA:439,0
DA:440,0
DA:441,0
DA:442,0
DA:443,0
DA:444,0
DA:445,0
DA:446,0
DA:447,0
DA:448,0
DA:449,0
DA:450,0
DA:451,0
DA:452,0
DA:453,0
DA:454,0
DA:455,0
DA:456,0
DA:457,0
DA:458,0
DA:459,0
DA:460,0
DA:461,0
DA:462,0
DA:465,0
DA:466,0
DA:467,0
DA:468,0
DA:469,0
DA:470,0
DA:471,0
DA:472,0
DA:473,0
DA:474,0
DA:475,0
DA:476,0
DA:477,0
DA:478,0
DA:479,0
DA:480,0
DA:481,0
DA:483,0
DA:484,0
DA:485,0
DA:486,0
DA:487,0
DA:488,0
DA:489,0
DA:490,0
DA:491,0
DA:492,0
DA:493,0
DA:494,0
DA:495,0
DA:496,0
DA:497,0
DA:498,0
DA:499,0
DA:500,0
DA:501,0
DA:502,0
DA:503,0
DA:504,0
DA:505,0
DA:506,0
DA:507,0
DA:508,0
DA:509,0
DA:510,0
DA:511,0
DA:512,0
DA:513,0
DA:514,0
DA:515,0
DA:516,0
DA:517,0
DA:518,0
DA:519,0
DA:520,0
DA:521,0
DA:522,0
DA:523,0
DA:524,0
DA:525,0
DA:526,0
DA:527,0
DA:528,0
DA:529,0
DA:530,0
DA:531,0
DA:532,0
DA:533,0
DA:534,0
DA:535,0
DA:536,0
DA:537,0
DA:538,0
DA:539,0
DA:540,0
DA:541,0
DA:542,0
DA:543,0
DA:544,0
DA:545,0
DA:546,0
DA:547,0
DA:548,0
DA:549,0
DA:550,0
DA:551,0
DA:552,0
DA:553,0
DA:554,0
DA:556,0
DA:557,0
DA:558,0
DA:559,0
DA:560,0
DA:561,0
DA:562,0
DA:563,0
DA:564,0
DA:565,0
DA:567,0
DA:568,0
DA:569,0
DA:570,0
DA:571,0
DA:572,0
DA:575,0
DA:576,0
DA:577,0
DA:578,0
DA:579,0
DA:580,0
DA:581,0
DA:582,0
DA:583,0
DA:584,0
DA:585,0
DA:586,0
DA:587,0
DA:591,0
DA:592,0
DA:593,0
DA:594,0
DA:595,0
DA:596,0
DA:597,0
DA:598,0
DA:599,0
DA:600,0
DA:601,0
DA:602,0
DA:604,0
DA:605,0
DA:606,0
DA:607,0
DA:608,0
DA:609,0
DA:611,0
DA:612,0
DA:613,0
DA:614,0
DA:615,0
DA:617,0
DA:618,0
DA:619,0
DA:620,0
DA:621,0
DA:622,0
DA:623,0
DA:624,0
DA:625,0
DA:626,0
DA:627,0
DA:628,0
DA:629,0
DA:630,0
DA:631,0
DA:632,0
DA:633,0
DA:634,0
DA:635,0
DA:636,0
DA:637,0
DA:638,0
DA:639,0
DA:640,0
DA:641,0
DA:642,0
DA:643,0
DA:644,0
DA:645,0
DA:646,0
DA:648,0
DA:649,0
DA:650,0
DA:651,0
DA:652,0
DA:653,0
DA:654,0
DA:655,0
DA:656,0
DA:657,0
DA:658,0
DA:659,0
DA:660,0
DA:661,0
DA:662,0
DA:664,0
DA:665,0
DA:666,0
DA:667,0
DA:668,0
DA:669,0
DA:670,0
DA:671,0
DA:672,0
DA:673,0
DA:674,0
DA:675,0
DA:676,0
DA:677,0
DA:679,0
DA:680,0
DA:681,0
DA:682,0
DA:683,0
DA:684,0
DA:685,0
DA:686,0
DA:687,0
DA:688,0
DA:689,0
DA:690,0
DA:691,0
DA:692,0
DA:693,0
DA:694,0
DA:695,0
DA:696,0
DA:697,0
DA:698,0
DA:699,0
DA:700,0
DA:701,0
DA:702,0
DA:703,0
DA:704,0
DA:705,0
DA:706,0
DA:707,0
DA:708,0
DA:709,0
DA:710,0
DA:711,0
DA:712,0
DA:713,0
DA:714,0
DA:715,0
DA:716,0
DA:717,0
DA:718,0
DA:719,0
DA:720,0
DA:721,0
DA:722,0
DA:723,0
DA:724,0
DA:725,0
DA:726,0
DA:727,0
DA:728,0
DA:729,0
DA:730,0
DA:731,0
DA:732,0
DA:733,0
DA:734,0
DA:735,0
DA:736,0
DA:737,0
DA:738,0
DA:739,0
DA:740,0
DA:741,0
DA:742,0
DA:743,0
DA:744,0
DA:745,0
DA:746,0
DA:747,0
DA:748,0
DA:749,0
DA:750,0
DA:751,0
DA:752,0
DA:753,0
DA:754,0
LF:667
LH:0
BRDA:1,0,0,0
BRF:1
BRH:0
end_of_record
TN:
SF:packages/cli/src/commands/status.ts
FN:1,(empty-report)
FNF:1
FNH:0
FNDA:0,(empty-report)
DA:1,0
DA:2,0
DA:3,0
DA:4,0
DA:6,0
DA:8,0
DA:9,0
DA:10,0
DA:12,0
DA:13,0
DA:14,0
DA:15,0
DA:16,0
DA:18,0
DA:20,0
DA:21,0
DA:22,0
DA:23,0
DA:24,0
DA:25,0
DA:26,0
DA:27,0
DA:30,0
DA:31,0
DA:32,0
DA:34,0
DA:35,0
DA:36,0
DA:37,0
DA:39,0
DA:41,0
DA:42,0
DA:43,0
DA:44,0
DA:45,0
DA:46,0
DA:48,0
DA:50,0
DA:51,0
DA:52,0
LF:40
LH:0
BRDA:1,0,0,0
BRF:1
BRH:0
end_of_record
TN:
SF:packages/cli/src/commands/tasks.ts
FN:1,(empty-report)
FNF:1
FNH:0
FNDA:0,(empty-report)
DA:1,0
DA:3,0
DA:4,0
DA:5,0
DA:6,0
LF:5
LH:0
BRDA:1,0,0,0
BRF:1
BRH:0
end_of_record
TN:
SF:packages/cli/src/commands/uninstall.ts
FN:1,(empty-report)
FNF:1
FNH:0
FNDA:0,(empty-report)
DA:1,0
DA:2,0
DA:3,0
DA:5,0
DA:6,0
DA:8,0
DA:9,0
DA:10,0
DA:11,0
DA:12,0
DA:13,0
DA:14,0
DA:15,0
DA:16,0
DA:17,0
DA:18,0
DA:20,0
DA:21,0
DA:24,0
DA:26,0
DA:27,0
DA:28,0
DA:30,0
DA:31,0
DA:32,0
DA:33,0
DA:34,0
DA:35,0
DA:36,0
DA:37,0
DA:38,0
DA:39,0
LF:32
LH:0
BRDA:1,0,0,0
BRF:1
BRH:0
end_of_record
TN:
SF:packages/cli/src/commands/update.ts
FN:85,detectPackageManager
FN:129,isNewer
FN:139,getLatestVersion
FN:167,runPmInstall
FN:188,updateCommand
FN:260,shouldThrottleUpdateCheck
FN:291,checkForUpdates
FNF:7
FNH:5
FNDA:10,detectPackageManager
FNDA:11,isNewer
FNDA:12,getLatestVersion
FNDA:10,runPmInstall
FNDA:12,updateCommand
FNDA:0,shouldThrottleUpdateCheck
FNDA:0,checkForUpdates
DA:1,1
DA:2,1
DA:3,1
DA:4,1
DA:5,1
DA:6,1
DA:7,1
DA:9,1
DA:11,1
DA:28,1
DA:29,1
DA:30,1
DA:31,1
DA:32,1
DA:33,1
DA:34,1
DA:35,1
DA:36,1
DA:37,1
DA:38,1
DA:39,1
DA:40,1
DA:41,1
DA:42,1
DA:43,1
DA:44,1
DA:45,1
DA:46,1
DA:47,1
DA:48,1
DA:49,1
DA:50,1
DA:51,1
DA:52,1
DA:53,1
DA:54,1
DA:55,1
DA:56,1
DA:57,1
DA:58,1
DA:59,1
DA:60,1
DA:61,1
DA:62,1
DA:63,1
DA:64,1
DA:65,1
DA:66,1
DA:67,1
DA:68,1
DA:69,1
DA:70,1
DA:71,1
DA:72,1
DA:73,1
DA:74,1
DA:85,10
DA:87,10
DA:88,10
DA:89,9
DA:90,9
DA:92,1
DA:95,1
DA:96,1
DA:98,1
DA:101,10
DA:102,8
DA:105,8
DA:108,8
DA:111,8
DA:112,0
DA:113,0
DA:116,8
DA:117,0
DA:118,0
DA:120,8
DA:121,8
DA:122,10
DA:124,0
DA:126,1
DA:127,1
DA:129,11
DA:130,11
DA:131,11
DA:132,11
DA:133,13
DA:134,13
DA:135,13
DA:136,1
DA:137,1
DA:139,12
DA:140,12
DA:141,12
DA:142,12
DA:143,12
DA:144,12
DA:145,12
DA:146,12
DA:147,11
DA:148,11
DA:149,11
DA:150,11
DA:151,0
DA:152,12
DA:153,12
DA:154,12
DA:155,12
DA:156,1
DA:157,1
DA:158,12
DA:167,10
DA:168,10
DA:169,10
DA:170,10
DA:172,10
DA:173,10
DA:174,10
DA:175,9
DA:176,9
DA:177,9
DA:178,0
DA:179,9
DA:180,9
DA:181,10
DA:182,1
DA:183,1
DA:184,10
DA:185,10
DA:186,10
DA:188,12
DA:189,12
DA:191,12
DA:192,12
DA:193,1
DA:194,1
DA:195,1
DA:197,11
DA:198,11
DA:199,11
DA:200,11
DA:201,11
DA:202,11
DA:203,11
DA:206,11
DA:207,12
DA:209,0
DA:211,12
DA:212,1
DA:213,1
DA:214,1
DA:216,10
DA:217,10
DA:219,10
DA:221,12
DA:222,1
DA:223,1
DA:224,1
DA:229,12
DA:231,12
DA:232,7
DA:233,7
DA:234,7
DA:235,7
DA:236,7
DA:239,2
DA:240,2
DA:241,2
DA:242,2
DA:243,2
DA:244,2
DA:245,2
DA:249,1
DA:250,1
DA:260,0
DA:261,0
DA:262,0
DA:263,0
DA:264,0
DA:266,0
DA:267,0
DA:269,0
DA:271,0
DA:272,0
DA:273,0
DA:274,0
DA:275,0
DA:276,0
DA:277,0
DA:279,0
DA:282,0
DA:283,0
DA:284,0
DA:285,0
DA:287,0
DA:288,0
DA:289,0
DA:291,0
DA:292,0
DA:294,0
DA:296,0
DA:297,0
DA:299,0
DA:300,0
DA:301,0
DA:302,0
DA:304,0
DA:305,0
DA:308,0
DA:309,0
DA:311,0
DA:315,0
DA:316,0
DA:318,0
DA:319,0
LF:214
LH:165
BRDA:85,0,0,10
BRDA:88,1,0,9
BRDA:88,2,0,9
BRDA:90,3,0,1
BRDA:101,4,0,9
BRDA:101,5,0,8
BRDA:102,6,0,0
BRDA:105,7,0,0
BRDA:108,8,0,0
BRDA:111,9,0,0
BRDA:116,10,0,0
BRDA:122,11,0,0
BRDA:124,12,0,1
BRDA:129,13,0,11
BRDA:132,14,0,13
BRDA:133,15,0,0
BRDA:133,16,0,0
BRDA:133,17,0,10
BRDA:133,18,0,3
BRDA:134,19,0,0
BRDA:134,20,0,0
BRDA:134,21,0,0
BRDA:135,22,0,1
BRDA:139,23,0,12
BRDA:146,24,0,11
BRDA:150,25,0,0
BRDA:155,26,0,1
BRDA:167,27,0,10
BRDA:172,28,0,10
BRDA:173,29,0,10
BRDA:174,30,0,9
BRDA:177,31,0,0
BRDA:179,32,0,0
BRDA:181,33,0,1
BRDA:188,34,0,12
BRDA:192,35,0,1
BRDA:195,36,0,11
BRDA:207,37,0,0
BRDA:209,38,0,11
BRDA:211,39,0,1
BRDA:214,40,0,10
BRDA:221,41,0,1
BRDA:224,42,0,9
BRDA:229,43,0,2
BRDA:231,44,0,7
BRDA:236,45,0,2
BRF:46
BRH:31
end_of_record
TN:
SF:packages/cli/src/commands/watch.ts
FN:1,(empty-report)
FNF:1
FNH:0
FNDA:0,(empty-report)
DA:1,0
DA:3,0
DA:4,0
DA:5,0
DA:6,0
LF:5
LH:0
BRDA:1,0,0,0
BRF:1
BRH:0
end_of_record
TN:
SF:packages/core/src/index.ts
FN:1,(empty-report)
FNF:1
FNH:0
FNDA:0,(empty-report)
DA:1,0
DA:2,0
DA:3,0
DA:4,0
DA:5,0
DA:6,0
DA:7,0
DA:8,0
DA:9,0
DA:10,0
DA:11,0
DA:12,0
LF:12
LH:0
BRDA:1,0,0,0
BRF:1
BRH:0
end_of_record
TN:
SF:packages/core/src/brain/Brain.ts
FN:23,isValidTaskType
FN:27,<instance_members_initializer>
FN:37,Brain
FN:46,status
FN:50,analyze
FN:128,parseJsonArray
FN:132,toTaskItems
FNF:7
FNH:7
FNDA:10,isValidTaskType
FNDA:6,<instance_members_initializer>
FNDA:6,Brain
FNDA:23,status
FNDA:6,analyze
FNDA:7,parseJsonArray
FNDA:5,toTaskItems
DA:2,1
DA:4,1
DA:5,1
DA:8,1
DA:9,1
DA:10,1
DA:12,1
DA:21,1
DA:23,10
DA:24,10
DA:25,10
DA:27,1
DA:28,6
DA:29,6
DA:30,6
DA:31,6
DA:33,6
DA:35,6
DA:37,6
DA:38,6
DA:39,6
DA:40,6
DA:41,6
DA:42,6
DA:43,6
DA:44,6
DA:46,6
DA:47,23
DA:48,23
DA:50,6
DA:51,6
DA:53,6
DA:54,6
DA:55,6
DA:56,6
DA:57,6
DA:59,6
DA:62,6
DA:64,6
DA:65,8
DA:66,8
DA:67,8
DA:68,8
DA:70,8
DA:71,6
DA:72,6
DA:73,6
DA:74,6
DA:75,2
DA:77,2
DA:79,2
DA:82,2
DA:83,8
DA:84,1
DA:85,1
DA:86,1
DA:87,1
DA:88,1
DA:89,1
DA:90,1
DA:91,1
DA:93,7
DA:96,7
DA:97,8
DA:98,5
DA:99,5
DA:100,5
DA:101,5
DA:103,5
DA:104,8
DA:105,3
DA:106,3
DA:109,3
DA:110,1
DA:111,1
DA:112,1
DA:113,1
DA:114,1
DA:115,1
DA:116,1
DA:118,2
DA:119,2
DA:120,2
DA:121,8
DA:123,3
DA:124,6
DA:125,6
DA:126,6
DA:128,6
DA:129,7
DA:130,7
DA:132,6
DA:134,5
DA:135,0
DA:136,0
DA:137,0
DA:138,0
DA:140,5
DA:141,5
DA:143,5
DA:144,5
DA:146,10
DA:147,10
DA:148,10
DA:149,10
DA:150,10
DA:152,10
DA:154,10
DA:155,10
DA:156,10
DA:157,10
DA:158,10
DA:159,10
DA:160,10
DA:161,10
DA:162,10
DA:163,5
DA:164,5
DA:165,5
DA:167,10
DA:168,10
DA:169,10
DA:170,10
DA:171,10
DA:172,0
DA:173,0
DA:175,10
DA:176,0
DA:177,0
DA:178,0
DA:179,10
DA:180,5
DA:181,5
DA:182,6
LF:134
LH:125
BRDA:23,0,0,10
BRDA:27,1,0,6
BRDA:37,2,0,6
BRDA:46,3,0,23
BRDA:47,4,0,0
BRDA:50,5,0,6
BRDA:53,6,0,0
BRDA:56,7,0,0
BRDA:62,8,0,5
BRDA:64,9,0,8
BRDA:66,10,0,2
BRDA:66,11,0,6
BRDA:70,12,0,6
BRDA:74,13,0,5
BRDA:74,14,0,2
BRDA:75,15,0,2
BRDA:83,16,0,1
BRDA:88,17,0,0
BRDA:91,18,0,7
BRDA:97,19,0,5
BRDA:99,20,0,0
BRDA:104,21,0,3
BRDA:105,22,0,0
BRDA:109,23,0,1
BRDA:109,24,0,1
BRDA:109,25,0,1
BRDA:116,26,0,2
BRDA:121,27,0,3
BRDA:124,28,0,1
BRDA:124,29,0,0
BRDA:96,30,0,10
BRDA:96,31,0,0
BRDA:128,32,0,7
BRDA:132,33,0,5
BRDA:134,34,0,0
BRDA:134,35,0,0
BRDA:134,36,0,0
BRDA:144,37,0,10
BRDA:146,38,0,0
BRDA:146,39,0,0
BRDA:147,40,0,0
BRDA:148,41,0,0
BRDA:150,42,0,0
BRDA:164,43,0,10
BRDA:165,44,0,10
BRDA:171,45,0,0
BRDA:172,46,0,0
BRDA:175,47,0,0
BRDA:167,48,0,10
BRF:49
BRH:30
end_of_record
TN:
SF:packages/core/src/brain/LaneClassifier.ts
FN:42,classify
FNF:1
FNH:1
FNDA:1031,classify
DA:3,1
DA:4,1
DA:5,1
DA:6,1
DA:7,1
DA:8,1
DA:9,1
DA:10,1
DA:11,1
DA:12,1
DA:13,1
DA:14,1
DA:15,1
DA:16,1
DA:17,1
DA:18,1
DA:19,1
DA:20,1
DA:21,1
DA:22,1
DA:23,1
DA:24,1
DA:25,1
DA:26,1
DA:27,1
DA:28,1
DA:29,1
DA:30,1
DA:31,1
DA:32,1
DA:33,1
DA:34,1
DA:36,1
DA:38,1
DA:39,1
DA:41,1
DA:42,1
DA:43,1031
DA:44,1031
DA:45,1031
DA:48,1031
DA:49,203
DA:50,203
DA:53,1031
DA:54,203
DA:55,203
DA:58,625
DA:59,625
DA:61,1031
DA:62,413
DA:63,413
DA:66,1031
DA:67,1
DA:68,1
DA:71,1031
DA:72,1
DA:73,1
DA:76,210
DA:77,1031
DA:78,1
LF:60
LH:60
BRDA:42,0,0,1031
BRDA:48,1,0,203
BRDA:50,2,0,828
BRDA:53,3,0,1030
BRDA:53,4,0,203
BRDA:55,5,0,625
BRDA:61,6,0,415
BRDA:61,7,0,414
BRDA:61,8,0,1026
BRDA:61,9,0,413
BRDA:63,10,0,212
BRDA:66,11,0,2
BRDA:66,12,0,1
BRDA:66,13,0,1
BRDA:68,14,0,211
BRDA:71,15,0,1
BRDA:73,16,0,210
BRDA:58,17,0,2281
BRDA:59,18,0,1877
BRF:19
BRH:19
end_of_record
TN:
SF:packages/core/src/brain/PromptBuilder.ts
FN:4,<instance_members_initializer>
FN:7,setRagSnippets
FN:11,buildAnalysisPrompt
FN:120,buildDecomposePrompt
FNF:4
FNH:3
FNDA:9,<instance_members_initializer>
FNDA:0,setRagSnippets
FNDA:10,buildAnalysisPrompt
FNDA:3,buildDecomposePrompt
DA:4,1
DA:5,9
DA:7,9
DA:8,0
DA:9,0
DA:11,9
DA:12,10
DA:13,10
DA:14,10
DA:15,10
DA:16,10
DA:17,10
DA:18,10
DA:19,10
DA:20,10
DA:21,10
DA:22,10
DA:23,10
DA:24,10
DA:25,10
DA:26,10
DA:27,10
DA:28,10
DA:29,10
DA:30,10
DA:31,10
DA:32,10
DA:33,10
DA:35,10
DA:37,10
DA:38,10
DA:39,10
DA:41,10
DA:42,0
DA:43,0
DA:44,0
DA:45,0
DA:47,10
DA:48,1
DA:49,1
DA:51,10
DA:52,0
DA:53,0
DA:55,10
DA:58,10
DA:59,0
DA:60,0
DA:61,0
DA:62,0
DA:63,0
DA:64,0
DA:65,0
DA:68,10
DA:69,0
DA:70,0
DA:72,0
DA:73,0
DA:74,0
DA:75,0
DA:76,0
DA:77,0
DA:78,0
DA:80,0
DA:81,0
DA:82,0
DA:83,0
DA:84,0
DA:85,0
DA:86,0
DA:88,0
DA:89,0
DA:90,0
DA:91,0
DA:92,0
DA:93,0
DA:94,0
DA:96,0
DA:97,0
DA:98,0
DA:99,0
DA:100,0
DA:101,0
DA:102,0
DA:103,0
DA:105,0
DA:106,0
DA:108,10
DA:110,10
DA:111,0
DA:112,0
DA:115,10
DA:117,10
DA:118,10
DA:120,9
DA:121,3
DA:122,3
DA:123,3
DA:124,3
DA:125,3
DA:126,3
DA:127,3
DA:128,3
DA:129,3
DA:130,3
DA:131,3
DA:132,3
DA:133,3
DA:134,3
DA:136,3
DA:137,3
DA:138,3
DA:139,0
DA:141,3
DA:142,3
DA:143,3
DA:144,3
DA:145,3
DA:147,3
DA:148,3
DA:149,3
DA:150,9
LF:121
LH:70
BRDA:4,0,0,9
BRDA:11,1,0,10
BRDA:41,2,0,0
BRDA:47,3,0,1
BRDA:51,4,0,0
BRDA:51,5,0,0
BRDA:58,6,0,0
BRDA:58,7,0,0
BRDA:68,8,0,0
BRDA:110,9,0,0
BRDA:120,10,0,3
BRDA:138,11,0,0
BRDA:138,12,0,6
BRF:13
BRH:5
end_of_record
TN:
SF:packages/core/src/brain/TaskDecomposer.ts
FN:18,isValidTaskType
FN:22,<instance_members_initializer>
FN:27,TaskDecomposer
FN:33,decompose
FN:57,parseJsonArray
FN:68,toTaskItems
FNF:6
FNH:6
FNDA:2,isValidTaskType
FNDA:2,<instance_members_initializer>
FNDA:2,TaskDecomposer
FNDA:2,decompose
FNDA:1,parseJsonArray
FNDA:1,toTaskItems
DA:2,1
DA:5,1
DA:6,1
DA:8,1
DA:10,1
DA:18,2
DA:19,2
DA:20,2
DA:22,1
DA:23,2
DA:24,2
DA:25,2
DA:27,2
DA:28,2
DA:29,2
DA:30,2
DA:31,2
DA:33,2
DA:34,2
DA:35,1
DA:36,1
DA:38,1
DA:40,1
DA:42,1
DA:43,1
DA:44,1
DA:45,1
DA:46,1
DA:47,1
DA:48,0
DA:49,0
DA:50,1
DA:52,0
DA:53,2
DA:54,2
DA:55,2
DA:57,2
DA:58,1
DA:59,1
DA:61,1
DA:62,0
DA:63,0
DA:65,1
DA:66,1
DA:68,2
DA:69,1
DA:70,2
DA:71,2
DA:72,2
DA:73,2
DA:75,2
DA:77,2
DA:78,2
DA:79,2
DA:80,2
DA:81,2
DA:82,2
DA:83,2
DA:84,2
DA:85,1
DA:86,1
DA:87,2
LF:62
LH:57
BRDA:18,0,0,2
BRDA:22,1,0,2
BRDA:27,2,0,2
BRDA:33,3,0,2
BRDA:34,4,0,1
BRDA:47,5,0,0
BRDA:50,6,0,0
BRDA:53,7,0,0
BRDA:57,8,0,1
BRDA:61,9,0,0
BRDA:68,10,0,1
BRDA:69,11,0,2
BRDA:70,12,0,0
BRDA:71,13,0,0
BRDA:73,14,0,0
BRF:15
BRH:8
end_of_record
TN:
SF:packages/core/src/brain/index.ts
FN:1,(empty-report)
FNF:1
FNH:0
FNDA:0,(empty-report)
DA:1,0
DA:2,0
DA:3,0
DA:4,0
LF:4
LH:0
BRDA:1,0,0,0
BRF:1
BRH:0
end_of_record
TN:
SF:packages/core/src/brain/parseJsonArray.ts
FN:24,extractJsonArrays
FN:94,stripCodeFences
FN:121,parseJsonArray
FNF:3
FNH:3
FNDA:12,extractJsonArrays
FNDA:32,stripCodeFences
FNDA:32,parseJsonArray
DA:24,12
DA:25,12
DA:26,12
DA:28,12
DA:30,256
DA:31,248
DA:32,248
DA:33,248
DA:35,8
DA:36,8
DA:37,8
DA:38,8
DA:40,208
DA:41,207
DA:43,207
DA:44,126
DA:45,0
DA:46,0
DA:47,0
DA:48,0
DA:49,126
DA:50,0
DA:51,0
DA:52,0
DA:53,0
DA:54,126
DA:55,17
DA:56,17
DA:57,126
DA:58,126
DA:59,126
DA:62,207
DA:63,18
DA:64,18
DA:65,18
DA:66,18
DA:68,207
DA:69,17
DA:70,207
DA:71,12
DA:72,12
DA:74,5
DA:75,5
DA:76,5
DA:77,5
DA:78,12
DA:80,58
DA:81,58
DA:84,8
DA:85,8
DA:87,12
DA:88,12
DA:94,32
DA:95,32
DA:98,3
DA:99,3
DA:100,3
DA:101,3
DA:103,0
DA:104,0
DA:121,1
DA:122,32
DA:125,32
DA:128,32
DA:129,32
DA:130,32
DA:131,32
DA:133,11
DA:136,12
DA:139,27
DA:140,8
DA:141,8
DA:144,4
DA:145,4
DA:146,4
DA:147,4
DA:148,4
DA:149,4
DA:150,4
DA:152,0
DA:153,4
DA:155,0
DA:156,0
LF:83
LH:70
BRDA:24,0,0,12
BRDA:28,1,0,256
BRDA:30,2,0,248
BRDA:33,3,0,208
BRDA:33,4,0,8
BRDA:40,5,0,207
BRDA:43,6,0,126
BRDA:44,7,0,0
BRDA:49,8,0,0
BRDA:54,9,0,17
BRDA:59,10,0,81
BRDA:62,11,0,18
BRDA:66,12,0,63
BRDA:68,13,0,54
BRDA:68,14,0,17
BRDA:70,15,0,46
BRDA:70,16,0,40
BRDA:70,17,0,12
BRDA:72,18,0,5
BRDA:78,19,0,58
BRDA:81,20,0,8
BRDA:94,21,0,32
BRDA:95,22,0,29
BRDA:95,23,0,25
BRDA:95,24,0,3
BRDA:101,25,0,0
BRDA:121,26,0,32
BRDA:130,27,0,20
BRDA:131,28,0,27
BRDA:131,29,0,11
BRDA:133,30,0,12
BRDA:139,31,0,8
BRDA:141,32,0,25
BRDA:141,33,0,4
BRDA:150,34,0,0
BRDA:153,35,0,0
BRF:36
BRH:31
end_of_record
TN:
SF:packages/core/src/contracts/IBrain.ts
FN:67,BrainError
FNF:1
FNH:1
FNDA:1,BrainError
DA:66,1
DA:67,1
DA:68,1
DA:69,1
DA:70,1
DA:71,1
LF:6
LH:6
BRDA:67,0,0,1
BRF:1
BRH:1
end_of_record
TN:
SF:packages/core/src/contracts/IConfigReader.ts
FN:1,(empty-report)
FNF:1
FNH:1
FNDA:1,(empty-report)
DA:41,0
DA:42,0
DA:43,0
DA:44,0
DA:45,0
DA:46,0
DA:47,0
DA:48,0
DA:49,0
LF:9
LH:0
BRDA:1,0,0,1
BRF:1
BRH:1
end_of_record
TN:
SF:packages/core/src/contracts/IEventBus.ts
FN:1,(empty-report)
FNF:1
FNH:1
FNDA:1,(empty-report)
LF:0
LH:0
BRDA:1,0,0,1
BRF:1
BRH:1
end_of_record
TN:
SF:packages/core/src/contracts/IExecutor.ts
FN:91,DiffError
FNF:1
FNH:1
FNDA:3,DiffError
DA:90,1
DA:91,1
DA:92,3
DA:93,3
DA:94,3
DA:95,3
DA:96,3
DA:97,3
DA:98,1
LF:9
LH:9
BRDA:91,0,0,3
BRF:1
BRH:1
end_of_record
TN:
SF:packages/core/src/contracts/IGitManager.ts
FN:66,GitError
FNF:1
FNH:1
FNDA:16,GitError
DA:65,1
DA:66,1
DA:67,16
DA:68,16
DA:69,16
DA:70,16
DA:71,16
DA:72,16
DA:73,1
LF:9
LH:9
BRDA:66,0,0,16
BRF:1
BRH:1
end_of_record
TN:
SF:packages/core/src/contracts/IIndexer.ts
FN:1,(empty-report)
FNF:1
FNH:1
FNDA:1,(empty-report)
LF:0
LH:0
BRDA:1,0,0,1
BRF:1
BRH:1
end_of_record
TN:
SF:packages/core/src/contracts/ILicense.ts
FN:1,(empty-report)
FNF:1
FNH:1
FNDA:1,(empty-report)
LF:0
LH:0
BRDA:1,0,0,1
BRF:1
BRH:1
end_of_record
TN:
SF:packages/core/src/contracts/ILlmClient.ts
FN:50,ProviderError
FNF:1
FNH:1
FNDA:39,ProviderError
DA:49,1
DA:50,1
DA:51,39
DA:52,39
DA:53,39
DA:54,39
DA:55,39
DA:56,39
DA:57,39
DA:58,39
DA:59,1
LF:11
LH:11
BRDA:50,0,0,39
BRF:1
BRH:1
end_of_record
TN:
SF:packages/core/src/contracts/ILogger.ts
FNF:0
FNH:0
DA:1,1
DA:2,1
DA:3,1
DA:4,1
DA:5,1
LF:5
LH:5
BRDA:1,0,0,10
BRF:1
BRH:1
end_of_record
TN:
SF:packages/core/src/contracts/IManifestStore.ts
FN:1,(empty-report)
FNF:1
FNH:1
FNDA:1,(empty-report)
LF:0
LH:0
BRDA:1,0,0,1
BRF:1
BRH:1
end_of_record
TN:
SF:packages/core/src/contracts/IPathGuard.ts
FN:15,PathDeniedError
FN:22,PathTraversalError
FNF:2
FNH:2
FNDA:10,PathDeniedError
FNDA:4,PathTraversalError
DA:14,1
DA:15,1
DA:16,10
DA:17,10
DA:18,10
DA:19,1
DA:21,1
DA:22,1
DA:23,4
DA:24,4
DA:25,4
DA:26,1
LF:12
LH:12
BRDA:15,0,0,10
BRDA:22,1,0,4
BRF:2
BRH:2
end_of_record
TN:
SF:packages/core/src/contracts/IProxy.ts
FN:1,(empty-report)
FNF:1
FNH:1
FNDA:1,(empty-report)
DA:75,0
DA:76,0
DA:77,0
DA:78,0
DA:79,0
DA:80,0
LF:6
LH:0
BRDA:1,0,0,1
BRF:1
BRH:1
end_of_record
TN:
SF:packages/core/src/contracts/IStorage.ts
FN:1,(empty-report)
FNF:1
FNH:1
FNDA:1,(empty-report)
LF:0
LH:0
BRDA:1,0,0,1
BRF:1
BRH:1
end_of_record
TN:
SF:packages/core/src/contracts/ITeamDetector.ts
FN:1,(empty-report)
FNF:1
FNH:1
FNDA:1,(empty-report)
LF:0
LH:0
BRDA:1,0,0,1
BRF:1
BRH:1
end_of_record
TN:
SF:packages/core/src/contracts/index.ts
FN:1,(empty-report)
FNF:1
FNH:0
FNDA:0,(empty-report)
DA:1,0
DA:2,0
DA:3,0
DA:4,0
DA:5,0
DA:6,0
DA:7,0
DA:8,0
DA:9,0
DA:10,0
DA:11,0
DA:12,0
DA:13,0
DA:14,0
LF:14
LH:0
BRDA:1,0,0,0
BRF:1
BRH:0
end_of_record
TN:
SF:packages/core/src/events/EventBus.ts
FN:5,<instance_members_initializer>
FN:8,emit
FN:12,on
FN:19,off
FNF:4
FNH:4
FNDA:16,<instance_members_initializer>
FNDA:34,emit
FNDA:32,on
FNDA:5,off
DA:1,1
DA:5,1
DA:6,16
DA:8,16
DA:9,34
DA:10,34
DA:12,16
DA:13,32
DA:14,32
DA:15,32
DA:16,32
DA:17,32
DA:19,16
DA:20,5
DA:21,5
DA:22,5
DA:23,5
DA:24,5
DA:25,16
LF:19
LH:19
BRDA:5,0,0,16
BRDA:8,1,0,34
BRDA:12,2,0,32
BRDA:19,3,0,5
BRF:4
BRH:4
end_of_record
TN:
SF:packages/core/src/executor/BackgroundQueue.ts
FN:7,BackgroundQueue
FN:9,enqueue
FN:23,dequeue
FN:37,update
FN:52,getAll
FN:71,getPending
FN:76,remove
FN:84,clear
FN:93,writeToDisk
FNF:9
FNH:9
FNDA:18,BackgroundQueue
FNDA:15,enqueue
FNDA:4,dequeue
FNDA:12,update
FNDA:14,getAll
FNDA:5,getPending
FNDA:2,remove
FNDA:1,clear
FNDA:16,writeToDisk
DA:1,1
DA:2,1
DA:3,1
DA:6,1
DA:7,1
DA:9,1
DA:10,15
DA:12,15
DA:13,15
DA:14,15
DA:15,15
DA:16,15
DA:17,15
DA:19,15
DA:20,15
DA:21,15
DA:23,1
DA:24,4
DA:25,4
DA:26,4
DA:27,4
DA:29,4
DA:31,1
DA:32,1
DA:33,1
DA:34,1
DA:35,4
DA:37,1
DA:38,12
DA:39,12
DA:41,12
DA:42,12
DA:43,11
DA:44,12
DA:45,1
DA:46,1
DA:48,11
DA:49,11
DA:50,12
DA:52,1
DA:53,14
DA:55,14
DA:56,14
DA:58,14
DA:59,12
DA:60,12
DA:61,12
DA:62,12
DA:63,12
DA:65,0
DA:66,12
DA:68,14
DA:69,14
DA:71,1
DA:72,5
DA:73,5
DA:74,5
DA:76,1
DA:77,2
DA:78,2
DA:79,1
DA:81,1
DA:82,2
DA:84,1
DA:85,1
DA:86,1
DA:87,2
DA:88,2
DA:89,2
DA:90,2
DA:91,1
DA:93,1
DA:94,16
DA:95,16
DA:96,16
DA:97,1
LF:76
LH:75
BRDA:7,0,0,18
BRDA:9,1,0,15
BRDA:23,2,0,4
BRDA:29,3,0,3
BRDA:29,4,0,1
BRDA:26,5,0,2
BRDA:37,6,0,12
BRDA:42,7,0,11
BRDA:44,8,0,1
BRDA:46,9,0,11
BRDA:52,10,0,14
BRDA:58,11,0,12
BRDA:59,12,0,0
BRDA:63,13,0,0
BRDA:68,14,0,3
BRDA:71,15,0,5
BRDA:73,16,0,6
BRDA:73,17,0,1
BRDA:76,18,0,2
BRDA:78,19,0,1
BRDA:84,20,0,1
BRDA:86,21,0,2
BRDA:93,22,0,16
BRF:23
BRH:21
end_of_record
TN:
SF:packages/core/src/executor/CodeFixer.ts
FN:37,<instance_members_initializer>
FN:40,CodeFixer
FN:49,fixErrors
FN:85,buildUserPrompt
FNF:4
FNH:4
FNDA:6,<instance_members_initializer>
FNDA:6,CodeFixer
FNDA:6,fixErrors
FNDA:6,buildUserPrompt
DA:5,1
DA:7,1
DA:8,1
DA:22,1
DA:37,1
DA:38,6
DA:40,6
DA:41,6
DA:42,6
DA:43,6
DA:44,6
DA:45,6
DA:46,6
DA:47,6
DA:49,6
DA:50,6
DA:51,6
DA:52,6
DA:53,6
DA:55,6
DA:56,6
DA:58,6
DA:59,6
DA:60,8
DA:61,8
DA:62,8
DA:63,8
DA:65,6
DA:66,6
DA:67,6
DA:68,6
DA:69,6
DA:70,6
DA:72,6
DA:74,6
DA:75,6
DA:76,6
DA:77,7
DA:78,7
DA:81,6
DA:82,6
DA:83,6
DA:85,6
DA:86,6
DA:87,6
DA:88,6
DA:89,6
DA:90,6
DA:92,6
DA:94,6
DA:95,1
DA:96,1
DA:98,6
DA:101,6
DA:102,6
DA:103,8
DA:104,7
DA:106,7
DA:107,7
DA:108,7
DA:109,7
DA:110,7
DA:111,7
DA:112,7
DA:113,8
DA:115,6
DA:116,6
DA:117,8
DA:118,8
DA:119,8
DA:121,6
DA:122,6
DA:123,6
LF:73
LH:73
BRDA:37,0,0,6
BRDA:40,1,0,6
BRDA:49,2,0,6
BRDA:59,3,0,8
BRDA:61,4,0,0
BRDA:76,5,0,7
BRDA:81,6,0,7
BRDA:82,7,0,8
BRDA:82,8,0,1
BRDA:85,9,0,6
BRDA:94,10,0,1
BRDA:102,11,0,8
BRDA:103,12,0,7
BRDA:116,13,0,8
BRDA:117,14,0,0
BRDA:101,15,0,8
BRDA:108,16,0,7
BRF:17
BRH:15
end_of_record
TN:
SF:packages/core/src/executor/CodeValidator.ts
FN:16,<instance_members_initializer>
FN:19,CodeValidator
FN:24,validateFiles
FN:66,resolveTsc
FN:85,runTsc
FN:113,parseTscOutput
FN:139,loadInstalledDeps
FN:156,checkImportsSync
FN:204,checkRelativeImports
FN:214,getOutput
FNF:10
FNH:8
FNDA:1,<instance_members_initializer>
FNDA:1,CodeValidator
FNDA:1,validateFiles
FNDA:1,resolveTsc
FNDA:1,runTsc
FNDA:1,parseTscOutput
FNDA:1,loadInstalledDeps
FNDA:0,checkImportsSync
FNDA:0,checkRelativeImports
FNDA:1,getOutput
DA:1,1
DA:2,1
DA:3,1
DA:4,1
DA:5,1
DA:7,1
DA:16,1
DA:17,1
DA:19,1
DA:24,1
DA:25,1
DA:26,1
DA:27,1
DA:28,1
DA:29,1
DA:32,1
DA:33,1
DA:34,1
DA:35,1
DA:39,1
DA:40,1
DA:41,1
DA:43,1
DA:44,1
DA:45,0
DA:47,0
DA:48,0
DA:49,0
DA:50,0
DA:52,0
DA:53,0
DA:55,0
DA:56,1
DA:57,1
DA:59,1
DA:60,0
DA:61,0
DA:63,1
DA:64,1
DA:66,1
DA:68,1
DA:69,1
DA:70,0
DA:71,0
DA:74,1
DA:75,1
DA:76,1
DA:77,1
DA:79,0
DA:82,0
DA:83,1
DA:85,1
DA:86,1
DA:87,1
DA:89,1
DA:90,1
DA:91,1
DA:92,1
DA:93,1
DA:94,0
DA:95,1
DA:97,1
DA:99,1
DA:100,1
DA:101,1
DA:102,1
DA:103,1
DA:104,0
DA:105,0
DA:106,1
DA:107,1
DA:108,1
DA:109,0
DA:110,0
DA:111,1
DA:113,1
DA:114,1
DA:116,1
DA:117,1
DA:118,1
DA:119,0
DA:120,0
DA:121,0
DA:123,0
DA:124,0
DA:125,0
DA:126,0
DA:127,0
DA:128,0
DA:129,0
DA:130,0
DA:131,0
DA:132,1
DA:133,1
DA:139,1
DA:140,1
DA:141,1
DA:142,1
DA:143,0
DA:147,0
DA:148,1
DA:149,1
DA:150,1
DA:151,1
DA:152,1
DA:153,1
DA:154,1
DA:156,1
DA:157,0
DA:158,0
DA:160,0
DA:161,0
DA:162,0
DA:163,0
DA:164,0
DA:165,0
DA:166,0
DA:167,0
DA:168,0
DA:169,0
DA:170,0
DA:171,0
DA:172,0
DA:174,0
DA:176,0
DA:177,0
DA:178,0
DA:179,0
DA:180,0
DA:181,0
DA:182,0
DA:183,0
DA:185,0
DA:186,0
DA:187,0
DA:188,0
DA:189,0
DA:190,0
DA:191,0
DA:192,0
DA:193,0
DA:194,0
DA:195,0
DA:196,0
DA:197,0
DA:198,0
DA:199,0
DA:201,0
DA:202,0
DA:204,1
DA:205,0
DA:206,0
DA:207,0
DA:208,0
DA:211,0
DA:212,0
DA:214,1
DA:215,1
DA:216,1
DA:217,1
DA:218,1
DA:219,1
DA:220,1
DA:221,1
LF:164
LH:84
BRDA:16,0,0,1
BRDA:19,1,0,1
BRDA:24,2,0,1
BRDA:32,3,0,0
BRDA:39,4,0,0
BRDA:59,5,0,0
BRDA:66,6,0,1
BRDA:69,7,0,0
BRDA:77,8,0,0
BRDA:85,9,0,1
BRDA:93,10,0,0
BRDA:103,11,0,0
BRDA:108,12,0,0
BRDA:113,13,0,1
BRDA:118,14,0,0
BRDA:139,15,0,1
BRDA:140,16,0,0
BRDA:142,17,0,0
BRDA:149,18,0,0
BRDA:214,19,0,1
BRDA:217,20,0,0
BRDA:217,21,0,0
BRDA:218,22,0,0
BRDA:219,23,0,0
BRF:24
BRH:8
end_of_record
TN:
SF:packages/core/src/executor/DiffApplier.ts
FN:23,DiffApplier
FN:25,apply
FN:51,generate
FN:82,parseHunks
FN:128,applyHunk
FN:176,removesBefore
FN:186,computeHunks
FN:280,lcs
FNF:8
FNH:8
FNDA:22,DiffApplier
FNDA:5,apply
FNDA:11,generate
FNDA:4,parseHunks
FNDA:3,applyHunk
FNDA:4,removesBefore
FNDA:11,computeHunks
FNDA:11,lcs
DA:1,1
DA:2,1
DA:5,1
DA:20,1
DA:22,1
DA:23,1
DA:25,1
DA:26,5
DA:27,1
DA:28,1
DA:30,4
DA:31,5
DA:32,0
DA:33,0
DA:35,3
DA:36,3
DA:39,3
DA:41,3
DA:43,3
DA:44,3
DA:45,3
DA:47,5
DA:48,2
DA:49,5
DA:51,1
DA:52,11
DA:53,11
DA:55,11
DA:56,11
DA:57,0
DA:58,0
DA:60,11
DA:62,11
DA:63,11
DA:64,11
DA:65,44
DA:66,44
DA:67,22
DA:68,22
DA:69,44
DA:70,11
DA:71,11
DA:72,44
DA:73,11
DA:74,11
DA:75,44
DA:76,44
DA:77,11
DA:79,11
DA:80,11
DA:82,1
DA:83,4
DA:84,4
DA:85,4
DA:87,4
DA:88,24
DA:89,24
DA:90,3
DA:91,3
DA:92,3
DA:93,3
DA:94,3
DA:95,3
DA:96,3
DA:97,3
DA:98,3
DA:99,3
DA:101,21
DA:103,24
DA:104,3
DA:105,24
DA:106,5
DA:107,11
DA:108,6
DA:109,6
DA:111,0
DA:113,0
DA:115,0
DA:116,0
DA:117,0
DA:118,0
DA:119,24
DA:121,4
DA:122,1
DA:123,1
DA:125,3
DA:126,4
DA:128,1
DA:129,3
DA:131,3
DA:134,3
DA:135,3
DA:136,12
DA:137,8
DA:138,0
DA:139,0
DA:140,0
DA:141,0
DA:142,0
DA:143,8
DA:144,1
DA:145,1
DA:146,1
DA:147,1
DA:148,1
DA:149,7
DA:150,7
DA:151,12
DA:154,2
DA:155,2
DA:157,2
DA:158,3
DA:159,11
DA:160,5
DA:161,11
DA:162,2
DA:163,2
DA:164,5
DA:165,4
DA:166,4
DA:167,4
DA:168,11
DA:171,2
DA:172,2
DA:173,2
DA:176,2
DA:178,2
DA:179,4
DA:180,4
DA:181,4
DA:183,2
DA:184,3
DA:186,1
DA:188,11
DA:189,11
DA:191,11
DA:192,11
DA:193,11
DA:195,11
DA:196,44
DA:197,44
DA:198,44
DA:199,44
DA:200,44
DA:201,33
DA:202,44
DA:203,22
DA:204,22
DA:205,22
DA:206,22
DA:207,22
DA:208,11
DA:209,11
DA:210,11
DA:211,11
DA:212,11
DA:213,11
DA:214,44
DA:216,11
DA:219,11
DA:220,11
DA:221,11
DA:223,11
DA:225,11
DA:226,3
DA:227,3
DA:228,11
DA:230,11
DA:231,11
DA:234,11
DA:235,33
DA:236,22
DA:237,22
DA:238,22
DA:240,11
DA:241,11
DA:242,33
DA:243,19
DA:244,19
DA:245,19
DA:246,33
DA:247,11
DA:248,11
DA:249,11
DA:250,0
DA:251,0
DA:253,11
DA:256,11
DA:257,11
DA:258,11
DA:259,0
DA:260,0
DA:261,0
DA:263,11
DA:264,11
DA:266,11
DA:267,11
DA:268,11
DA:269,11
DA:270,11
DA:271,11
DA:272,11
DA:274,11
DA:275,11
DA:277,11
DA:278,11
DA:280,1
DA:281,11
DA:282,11
DA:285,11
DA:287,11
DA:288,33
DA:289,113
DA:290,22
DA:291,113
DA:292,91
DA:293,91
DA:294,113
DA:295,33
DA:298,11
DA:299,11
DA:300,11
DA:301,11
DA:302,36
DA:303,22
DA:304,22
DA:305,22
DA:306,36
DA:307,3
DA:308,13
DA:309,11
DA:310,11
DA:311,36
DA:313,11
DA:314,11
DA:315,1
LF:236
LH:216
BRDA:23,0,0,22
BRDA:25,1,0,5
BRDA:26,2,0,1
BRDA:28,3,0,4
BRDA:31,4,0,0
BRDA:33,5,0,3
BRDA:45,6,0,2
BRDA:47,7,0,0
BRDA:47,8,0,2
BRDA:51,9,0,11
BRDA:56,10,0,0
BRDA:64,11,0,44
BRDA:66,12,0,22
BRDA:69,13,0,11
BRDA:72,14,0,11
BRDA:82,15,0,4
BRDA:87,16,0,24
BRDA:89,17,0,3
BRDA:92,18,0,0
BRDA:94,19,0,0
BRDA:99,20,0,21
BRDA:101,21,0,7
BRDA:101,22,0,14
BRDA:103,23,0,3
BRDA:105,24,0,11
BRDA:105,25,0,5
BRDA:107,26,0,6
BRDA:109,27,0,0
BRDA:121,28,0,1
BRDA:123,29,0,3
BRDA:128,30,0,3
BRDA:135,31,0,12
BRDA:136,32,0,6
BRDA:136,33,0,8
BRDA:137,34,0,0
BRDA:143,35,0,1
BRDA:148,36,0,7
BRDA:151,37,0,2
BRDA:158,38,0,11
BRDA:159,39,0,5
BRDA:161,40,0,6
BRDA:161,41,0,5
BRDA:161,42,0,2
BRDA:164,43,0,4
BRDA:168,44,0,2
BRDA:178,45,0,4
BRDA:176,46,0,4
BRDA:176,47,0,4
BRDA:186,48,0,11
BRDA:195,49,0,44
BRDA:200,50,0,33
BRDA:202,51,0,22
BRDA:207,52,0,11
BRDA:216,53,0,0
BRDA:225,54,0,14
BRDA:225,55,0,3
BRDA:228,56,0,0
BRDA:234,57,0,33
BRDA:235,58,0,22
BRDA:238,59,0,11
BRDA:242,60,0,19
BRDA:242,61,0,19
BRDA:245,62,0,11
BRDA:246,63,0,11
BRDA:249,64,0,0
BRDA:258,65,0,0
BRDA:263,66,0,44
BRDA:263,67,0,22
BRDA:264,68,0,44
BRDA:264,69,0,22
BRDA:280,70,0,11
BRDA:287,71,0,33
BRDA:288,72,0,113
BRDA:289,73,0,22
BRDA:291,74,0,91
BRDA:301,75,0,44
BRDA:301,76,0,36
BRDA:302,77,0,22
BRDA:306,78,0,14
BRDA:306,79,0,13
BRDA:306,80,0,3
BRDA:308,81,0,11
BRDA:285,82,0,44
BRF:83
BRH:72
end_of_record
TN:
SF:packages/core/src/executor/EnvDetector.ts
FN:25,detectMissing
FN:45,readEnvLocal
FN:67,writeEnvLocal
FN:93,ensureGitignored
FNF:4
FNH:4
FNDA:6,detectMissing
FNDA:12,readEnvLocal
FNDA:3,writeEnvLocal
FNDA:3,ensureGitignored
DA:1,1
DA:2,1
DA:4,1
DA:5,1
DA:6,1
DA:7,1
DA:8,1
DA:9,1
DA:10,1
DA:11,1
DA:12,1
DA:13,1
DA:14,1
DA:15,1
DA:16,1
DA:17,1
DA:18,1
DA:20,1
DA:25,1
DA:26,6
DA:28,6
DA:29,13
DA:30,13
DA:31,13
DA:32,11
DA:33,11
DA:34,8
DA:35,8
DA:36,11
DA:37,13
DA:39,6
DA:40,6
DA:42,6
DA:43,6
DA:45,1
DA:46,12
DA:47,12
DA:49,12
DA:50,7
DA:51,7
DA:53,5
DA:54,12
DA:55,15
DA:56,15
DA:57,6
DA:58,6
DA:59,6
DA:60,6
DA:61,6
DA:62,6
DA:64,5
DA:65,12
DA:67,1
DA:68,3
DA:69,3
DA:71,3
DA:72,3
DA:73,3
DA:74,2
DA:75,2
DA:76,2
DA:77,3
DA:79,3
DA:81,2
DA:82,3
DA:83,1
DA:84,1
DA:85,0
DA:86,0
DA:87,1
DA:88,2
DA:90,2
DA:91,3
DA:93,1
DA:94,3
DA:95,3
DA:97,3
DA:98,2
DA:99,2
DA:100,2
DA:101,2
DA:103,3
DA:104,0
DA:105,0
DA:106,2
DA:108,2
DA:109,3
DA:110,1
LF:88
LH:84
BRDA:25,0,0,6
BRDA:28,1,0,13
BRDA:31,2,0,11
BRDA:33,3,0,9
BRDA:33,4,0,8
BRDA:42,5,0,7
BRDA:45,6,0,12
BRDA:49,7,0,7
BRDA:51,8,0,5
BRDA:54,9,0,15
BRDA:56,10,0,8
BRDA:56,11,0,9
BRDA:56,12,0,6
BRDA:58,13,0,0
BRDA:58,14,0,6
BRDA:62,15,0,5
BRDA:67,16,0,3
BRDA:73,17,0,2
BRDA:79,18,0,1
BRDA:79,19,0,2
BRDA:82,20,0,1
BRDA:84,21,0,0
BRDA:87,22,0,2
BRDA:93,23,0,3
BRDA:97,24,0,2
BRDA:100,25,0,1
BRDA:103,26,0,1
BRDA:103,27,0,0
BRDA:105,28,0,2
BRDA:99,29,0,5
BRF:30
BRH:27
end_of_record
TN:
SF:packages/core/src/executor/ExecutorFSM.ts
FN:36,<instance_members_initializer>
FN:39,ExecutorFSM
FN:48,transition
FN:83,getState
FN:90,isTerminal
FN:98,reset
FNF:6
FNH:6
FNDA:23,<instance_members_initializer>
FNDA:23,ExecutorFSM
FNDA:34,transition
FNDA:40,getState
FNDA:3,isTerminal
FNDA:7,reset
DA:8,1
DA:9,1
DA:10,1
DA:11,1
DA:12,1
DA:13,1
DA:14,1
DA:15,1
DA:36,1
DA:37,23
DA:39,23
DA:40,23
DA:41,23
DA:42,23
DA:48,23
DA:49,34
DA:51,34
DA:53,22
DA:55,16
DA:56,6
DA:57,6
DA:58,6
DA:59,6
DA:60,6
DA:61,6
DA:63,6
DA:64,22
DA:66,34
DA:67,34
DA:69,34
DA:70,34
DA:71,34
DA:72,34
DA:73,34
DA:74,34
DA:75,34
DA:77,34
DA:78,34
DA:83,23
DA:84,40
DA:85,40
DA:90,23
DA:91,3
DA:92,3
DA:93,3
DA:98,23
DA:99,7
DA:100,7
DA:101,23
LF:49
LH:49
BRDA:8,0,0,2
BRDA:36,1,0,23
BRDA:39,2,0,23
BRDA:48,3,0,34
BRDA:51,4,0,22
BRDA:53,5,0,16
BRDA:53,6,0,16
BRDA:55,7,0,6
BRDA:56,8,0,0
BRDA:59,9,0,0
BRDA:77,10,0,1
BRDA:83,11,0,40
BRDA:90,12,0,3
BRDA:92,13,0,1
BRDA:98,14,0,7
BRF:15
BRH:13
end_of_record
TN:
SF:packages/core/src/executor/ExecutorPool.ts
FN:15,<instance_members_initializer>
FN:22,ExecutorPool
FN:94,execute
FN:235,getRetryPolicy
FN:240,getFsm
FNF:5
FNH:5
FNDA:13,<instance_members_initializer>
FNDA:13,ExecutorPool
FNDA:6,execute
FNDA:2,getRetryPolicy
FNDA:1,getFsm
DA:10,1
DA:11,1
DA:12,1
DA:13,1
DA:15,1
DA:16,13
DA:17,13
DA:18,13
DA:19,13
DA:20,13
DA:22,13
DA:23,13
DA:24,13
DA:25,13
DA:26,13
DA:27,13
DA:28,13
DA:29,13
DA:30,13
DA:31,13
DA:32,13
DA:33,13
DA:34,13
DA:35,13
DA:36,13
DA:37,13
DA:38,13
DA:39,13
DA:40,13
DA:43,13
DA:44,13
DA:45,13
DA:46,0
DA:47,0
DA:48,0
DA:49,0
DA:50,0
DA:51,0
DA:52,0
DA:53,0
DA:54,0
DA:55,0
DA:56,0
DA:57,0
DA:58,0
DA:59,13
DA:60,13
DA:61,13
DA:62,0
DA:63,0
DA:64,0
DA:65,0
DA:66,0
DA:67,0
DA:68,0
DA:69,0
DA:70,0
DA:71,0
DA:72,0
DA:73,0
DA:74,0
DA:75,13
DA:76,13
DA:77,13
DA:78,0
DA:79,0
DA:80,0
DA:81,0
DA:82,0
DA:83,0
DA:84,0
DA:85,0
DA:86,0
DA:87,0
DA:88,0
DA:89,0
DA:90,0
DA:91,13
DA:92,13
DA:94,13
DA:95,6
DA:97,6
DA:100,6
DA:102,6
DA:104,6
DA:105,6
DA:106,6
DA:108,5
DA:110,5
DA:111,0
DA:112,0
DA:113,0
DA:114,0
DA:115,0
DA:116,0
DA:117,0
DA:118,4
DA:119,4
DA:120,6
DA:122,1
DA:124,1
DA:125,0
DA:126,0
DA:127,0
DA:128,0
DA:129,0
DA:130,0
DA:131,0
DA:132,1
DA:133,1
DA:134,6
DA:136,0
DA:137,0
DA:138,0
DA:139,0
DA:140,0
DA:141,0
DA:142,0
DA:143,0
DA:144,0
DA:145,0
DA:146,0
DA:147,6
DA:149,0
DA:150,0
DA:151,0
DA:152,0
DA:153,0
DA:154,0
DA:155,0
DA:156,0
DA:157,0
DA:158,0
DA:159,0
DA:160,0
DA:161,0
DA:162,0
DA:163,0
DA:164,6
DA:165,0
DA:166,0
DA:167,0
DA:168,0
DA:169,0
DA:170,0
DA:171,0
DA:172,6
DA:173,6
DA:174,1
DA:176,1
DA:177,1
DA:178,1
DA:179,1
DA:181,1
DA:183,1
DA:184,1
DA:185,1
DA:186,1
DA:188,1
DA:189,1
DA:190,1
DA:191,1
DA:192,1
DA:193,1
DA:194,1
DA:195,1
DA:197,6
DA:198,3
DA:199,3
DA:200,3
DA:201,3
DA:203,3
DA:205,3
DA:206,3
DA:207,3
DA:208,3
DA:209,3
DA:210,3
DA:211,3
DA:212,3
DA:213,6
DA:214,2
DA:215,2
DA:216,2
DA:217,2
DA:219,2
DA:221,2
DA:222,2
DA:223,2
DA:224,2
DA:225,2
DA:228,5
DA:229,5
DA:231,5
DA:232,6
DA:235,13
DA:236,2
DA:237,2
DA:240,13
DA:241,1
DA:242,1
DA:243,13
LF:202
LH:116
BRDA:15,0,0,13
BRDA:22,1,0,13
BRDA:40,2,0,12
BRDA:43,3,0,0
BRDA:45,4,0,0
BRDA:45,5,0,0
BRDA:45,6,0,0
BRDA:61,7,0,0
BRDA:61,8,0,0
BRDA:61,9,0,0
BRDA:77,10,0,0
BRDA:77,11,0,0
BRDA:77,12,0,0
BRDA:94,13,0,6
BRDA:95,14,0,0
BRDA:106,15,0,5
BRDA:108,16,0,4
BRDA:110,17,0,2
BRDA:110,18,0,0
BRDA:117,19,0,4
BRDA:120,20,0,1
BRDA:124,21,0,0
BRDA:124,22,0,0
BRDA:134,23,0,0
BRDA:147,24,0,0
BRDA:164,25,0,0
BRDA:173,26,0,1
BRDA:174,27,0,0
BRDA:176,28,0,0
BRDA:195,29,0,5
BRDA:197,30,0,3
BRDA:198,31,0,0
BRDA:209,32,0,0
BRDA:210,33,0,2
BRDA:213,34,0,2
BRDA:214,35,0,0
BRDA:223,36,0,0
BRDA:225,37,0,5
BRDA:235,38,0,2
BRDA:240,39,0,1
BRF:40
BRH:17
end_of_record
TN:
SF:packages/core/src/executor/Lane1Executor.ts
FN:11,extractClassFromSnapshot
FN:77,parsePropertyChange
FN:126,parseTextChange
FN:186,parseConfigChange
FN:259,<instance_members_initializer>
FN:262,Lane1Executor
FN:269,execute
FN:378,findDomSnapshot
FN:382,findStyleFiles
FN:402,findTextFiles
FN:425,findConfigFiles
FN:440,applyCssToFile
FN:568,applyTextChange
FN:621,applyConfigChange
FN:711,escapeRegex
FNF:15
FNH:11
FNDA:0,extractClassFromSnapshot
FNDA:7,parsePropertyChange
FNDA:19,parseTextChange
FNDA:9,parseConfigChange
FNDA:12,<instance_members_initializer>
FNDA:12,Lane1Executor
FNDA:12,execute
FNDA:1,findDomSnapshot
FNDA:0,findStyleFiles
FNDA:0,findTextFiles
FNDA:0,findConfigFiles
FNDA:1,applyCssToFile
FNDA:7,applyTextChange
FNDA:3,applyConfigChange
FNDA:14,escapeRegex
DA:1,1
DA:5,1
DA:11,0
DA:12,0
DA:13,0
DA:14,0
DA:15,0
DA:16,0
DA:18,1
DA:19,1
DA:20,1
DA:21,1
DA:22,1
DA:23,1
DA:24,1
DA:25,1
DA:26,1
DA:27,1
DA:28,1
DA:29,1
DA:30,1
DA:31,1
DA:32,1
DA:33,1
DA:34,1
DA:35,1
DA:36,1
DA:37,1
DA:38,1
DA:39,1
DA:40,1
DA:41,1
DA:42,1
DA:43,1
DA:44,1
DA:45,1
DA:46,1
DA:47,1
DA:48,1
DA:49,1
DA:50,1
DA:51,1
DA:52,1
DA:53,1
DA:54,1
DA:55,1
DA:56,1
DA:57,1
DA:58,1
DA:59,1
DA:60,1
DA:61,1
DA:62,1
DA:63,1
DA:64,1
DA:65,1
DA:77,1
DA:78,7
DA:79,7
DA:81,7
DA:82,7
DA:83,2
DA:84,2
DA:87,5
DA:88,5
DA:89,5
DA:90,7
DA:91,0
DA:92,0
DA:95,5
DA:96,7
DA:97,1
DA:98,1
DA:101,4
DA:102,7
DA:103,0
DA:104,0
DA:106,4
DA:107,4
DA:126,1
DA:127,19
DA:130,19
DA:131,19
DA:132,19
DA:133,19
DA:134,19
DA:135,6
DA:136,6
DA:137,6
DA:138,6
DA:139,6
DA:140,6
DA:141,6
DA:142,6
DA:145,13
DA:146,19
DA:147,3
DA:148,3
DA:149,3
DA:150,3
DA:151,3
DA:152,3
DA:153,3
DA:154,3
DA:157,10
DA:158,10
DA:159,19
DA:160,2
DA:161,2
DA:164,8
DA:165,19
DA:166,2
DA:167,2
DA:169,6
DA:170,6
DA:186,1
DA:187,9
DA:188,9
DA:189,9
DA:190,9
DA:191,9
DA:192,9
DA:193,9
DA:194,9
DA:195,9
DA:196,9
DA:197,9
DA:198,9
DA:199,9
DA:200,9
DA:201,9
DA:202,9
DA:203,9
DA:204,9
DA:205,9
DA:206,9
DA:207,9
DA:208,9
DA:209,9
DA:210,9
DA:211,9
DA:212,9
DA:213,9
DA:214,9
DA:215,9
DA:216,9
DA:217,9
DA:218,9
DA:219,9
DA:220,9
DA:221,9
DA:222,9
DA:223,9
DA:224,9
DA:225,9
DA:226,9
DA:227,9
DA:228,9
DA:229,9
DA:230,9
DA:231,9
DA:232,9
DA:233,9
DA:234,9
DA:236,9
DA:239,9
DA:240,9
DA:241,0
DA:242,0
DA:243,0
DA:244,0
DA:245,0
DA:248,9
DA:249,9
DA:250,8
DA:251,8
DA:252,6
DA:253,6
DA:254,8
DA:256,3
DA:257,3
DA:259,1
DA:260,12
DA:262,12
DA:263,12
DA:264,12
DA:265,12
DA:266,12
DA:267,12
DA:269,12
DA:270,12
DA:272,12
DA:273,12
DA:274,7
DA:275,7
DA:276,0
DA:277,0
DA:279,7
DA:280,0
DA:281,0
DA:282,0
DA:283,0
DA:284,0
DA:285,0
DA:287,7
DA:288,7
DA:289,7
DA:290,6
DA:291,6
DA:292,7
DA:294,1
DA:295,1
DA:296,1
DA:297,1
DA:298,1
DA:299,1
DA:302,5
DA:303,12
DA:304,1
DA:305,1
DA:306,1
DA:308,1
DA:309,0
DA:310,0
DA:312,1
DA:313,0
DA:314,0
DA:315,0
DA:316,0
DA:317,0
DA:318,0
DA:320,1
DA:321,1
DA:322,1
DA:323,1
DA:324,1
DA:325,1
DA:327,0
DA:328,0
DA:329,0
DA:330,0
DA:331,0
DA:332,0
DA:335,4
DA:336,12
DA:337,3
DA:338,3
DA:339,0
DA:340,0
DA:342,3
DA:343,0
DA:344,0
DA:345,0
DA:346,0
DA:347,0
DA:348,0
DA:350,3
DA:351,3
DA:352,3
DA:353,3
DA:354,3
DA:355,3
DA:357,0
DA:358,0
DA:359,0
DA:360,0
DA:361,0
DA:362,0
DA:364,1
DA:365,1
DA:366,1
DA:367,1
DA:368,1
DA:369,12
DA:370,0
DA:371,0
DA:372,0
DA:373,0
DA:374,0
DA:375,0
DA:376,12
DA:378,12
DA:379,1
DA:380,1
DA:382,12
DA:383,0
DA:384,0
DA:386,0
DA:387,0
DA:388,0
DA:389,0
DA:390,0
DA:391,0
DA:393,0
DA:394,0
DA:395,0
DA:396,0
DA:397,0
DA:399,0
DA:400,0
DA:402,12
DA:403,0
DA:404,0
DA:406,0
DA:407,0
DA:408,0
DA:409,0
DA:410,0
DA:411,0
DA:413,0
DA:414,0
DA:415,0
DA:416,0
DA:417,0
DA:418,0
DA:419,0
DA:420,0
DA:422,0
DA:423,0
DA:425,12
DA:426,0
DA:427,0
DA:429,0
DA:430,0
DA:432,0
DA:433,0
DA:434,0
DA:435,0
DA:437,0
DA:438,0
DA:440,12
DA:441,1
DA:442,1
DA:443,1
DA:444,1
DA:445,1
DA:446,1
DA:447,1
DA:448,1
DA:449,1
DA:450,0
DA:451,0
DA:453,1
DA:460,1
DA:461,0
DA:462,0
DA:463,0
DA:464,0
DA:465,0
DA:466,0
DA:467,0
DA:468,0
DA:469,0
DA:470,0
DA:471,0
DA:473,0
DA:474,0
DA:475,0
DA:476,0
DA:477,0
DA:478,0
DA:479,0
DA:480,0
DA:481,0
DA:482,0
DA:483,0
DA:484,0
DA:485,0
DA:486,0
DA:487,0
DA:488,0
DA:490,0
DA:491,0
DA:492,0
DA:493,0
DA:494,0
DA:495,0
DA:496,0
DA:498,0
DA:499,0
DA:500,0
DA:501,0
DA:502,0
DA:503,0
DA:504,0
DA:505,0
DA:506,0
DA:510,0
DA:511,0
DA:514,1
DA:515,0
DA:516,0
DA:518,0
DA:519,0
DA:520,0
DA:521,0
DA:522,0
DA:523,0
DA:524,0
DA:525,0
DA:526,0
DA:527,0
DA:528,0
DA:529,0
DA:530,0
DA:531,0
DA:532,0
DA:533,0
DA:535,0
DA:536,0
DA:537,0
DA:538,0
DA:539,0
DA:540,0
DA:541,0
DA:544,1
DA:545,1
DA:546,1
DA:547,1
DA:549,1
DA:550,1
DA:551,1
DA:552,0
[...]
DA:43,1
DA:44,1
DA:45,1
DA:46,1
DA:47,1
DA:48,1
DA:49,1
DA:50,1
DA:51,1
DA:52,1
DA:53,1
DA:54,1
DA:57,1
DA:58,1
DA:59,1
DA:60,1
DA:61,1
DA:62,1
DA:63,1
DA:64,1
DA:65,1
DA:66,1
DA:67,1
DA:68,1
DA:69,1
DA:70,1
DA:73,1
DA:74,1
DA:75,1
DA:76,1
DA:77,1
DA:80,1
DA:81,1
DA:82,1
DA:83,1
DA:84,1
DA:85,1
DA:88,1
DA:89,1
DA:90,1
DA:91,1
DA:92,1
DA:93,1
DA:94,1
DA:95,1
DA:98,1
DA:99,1
DA:100,1
DA:103,1
DA:104,1
DA:105,1
DA:108,1
DA:111,1
DA:112,1
DA:115,1
DA:116,1
DA:117,1
DA:118,1
DA:119,1
DA:120,1
DA:121,1
DA:122,1
DA:123,1
DA:126,1
DA:127,1
DA:128,1
DA:129,1
DA:130,1
DA:131,1
DA:132,1
DA:133,1
DA:134,1
DA:135,1
DA:136,1
DA:137,1
DA:140,1
DA:141,1
DA:142,1
DA:143,1
DA:146,1
DA:147,1
DA:148,1
DA:149,1
DA:150,1
DA:151,1
DA:152,1
DA:153,1
DA:154,1
DA:155,1
DA:158,1
DA:159,1
DA:160,1
DA:161,1
DA:162,1
DA:163,1
DA:164,1
DA:165,1
DA:166,1
DA:167,1
DA:168,1
DA:169,1
DA:170,1
DA:171,1
DA:172,1
DA:173,1
DA:174,1
DA:177,1
DA:178,1
DA:179,1
DA:180,1
DA:181,1
DA:182,1
LF:139
LH:139
BRDA:54,0,0,15
BRF:1
BRH:1
end_of_record
TN:
SF:packages/overlay/src/ui/styles.ts
FN:19,toStyleString
FN:28,applyStyles
FNF:2
FNH:2
FNDA:21,toStyleString
FNDA:21,applyStyles
DA:19,2
DA:20,21
DA:21,21
DA:22,179
DA:23,179
DA:24,21
DA:25,21
DA:26,21
DA:28,2
DA:29,21
DA:30,21
DA:31,21
DA:37,2
DA:38,2
DA:39,2
DA:40,2
DA:41,2
DA:42,2
DA:43,2
DA:44,2
DA:45,2
DA:46,2
DA:47,2
DA:48,2
DA:49,2
DA:50,2
DA:59,2
DA:60,2
DA:62,2
DA:63,2
DA:64,2
DA:65,2
DA:66,2
DA:67,2
DA:68,2
DA:69,2
DA:71,2
DA:72,2
DA:74,2
DA:75,2
DA:77,2
DA:79,2
LF:42
LH:42
BRDA:19,0,0,21
BRDA:21,1,0,179
BRDA:23,2,0,41
BRDA:28,3,0,21
BRDA:23,4,0,138
BRF:5
BRH:5
end_of_record
TN:
SF:packages/overlay/src/ui/theme.ts
FN:74,resolveTheme
FN:84,applyTokens
FN:93,toKebab
FN:106,applyTheme
FN:132,listener
FN:143,restoreTheme
FN:158,findOrCreateRoot
FN:173,cleanupMediaListener
FN:185,getCurrentTheme
FNF:9
FNH:9
FNDA:22,resolveTheme
FNDA:22,applyTokens
FNDA:352,toKebab
FNDA:21,applyTheme
FNDA:1,listener
FNDA:4,restoreTheme
FNDA:21,findOrCreateRoot
FNDA:21,cleanupMediaListener
FNDA:3,getCurrentTheme
DA:29,1
DA:31,1
DA:33,1
DA:35,1
DA:37,1
DA:39,1
DA:41,1
DA:43,1
DA:45,1
DA:47,1
DA:49,1
DA:51,1
DA:53,1
DA:55,1
DA:57,1
DA:59,1
DA:61,1
DA:62,1
DA:65,1
DA:71,1
DA:74,22
DA:75,22
DA:77,22
DA:78,22
DA:84,22
DA:85,22
DA:86,22
DA:87,352
DA:88,352
DA:89,352
DA:90,22
DA:93,352
DA:94,352
DA:95,352
DA:106,1
DA:107,21
DA:110,21
DA:111,14
DA:112,14
DA:113,14
DA:115,0
DA:116,21
DA:117,7
DA:118,7
DA:119,7
DA:121,0
DA:122,7
DA:124,21
DA:125,21
DA:126,21
DA:129,21
DA:130,21
DA:131,6
DA:132,6
DA:133,1
DA:134,1
DA:135,1
DA:136,1
DA:137,6
DA:138,6
DA:139,6
DA:140,21
DA:143,1
DA:144,4
DA:145,4
DA:146,4
DA:147,4
DA:149,0
DA:150,4
DA:151,4
DA:158,21
DA:159,21
DA:160,21
DA:164,1
DA:165,21
DA:166,0
DA:167,0
DA:168,0
DA:169,1
DA:170,1
DA:173,21
DA:174,21
DA:175,21
DA:176,0
DA:177,0
DA:178,0
DA:179,21
DA:185,1
DA:186,3
DA:187,3
DA:188,2
DA:189,3
DA:190,3
LF:93
LH:84
BRDA:74,0,0,22
BRDA:75,1,0,15
BRDA:75,2,0,14
BRDA:75,3,0,8
BRDA:77,4,0,2
BRDA:77,5,0,6
BRDA:84,6,0,22
BRDA:86,7,0,352
BRDA:93,8,0,352
BRDA:94,9,0,242
BRDA:106,10,0,21
BRDA:110,11,0,14
BRDA:110,12,0,14
BRDA:113,13,0,0
BRDA:116,14,0,7
BRDA:119,15,0,0
BRDA:130,16,0,6
BRDA:132,17,0,1
BRDA:143,18,0,4
BRDA:147,19,0,0
BRDA:150,20,0,1
BRDA:158,21,0,21
BRDA:160,22,0,20
BRDA:160,23,0,1
BRDA:165,24,0,0
BRDA:168,25,0,1
BRDA:173,26,0,21
BRDA:175,27,0,0
BRDA:185,28,0,3
BRDA:186,29,0,2
BRDA:187,30,0,2
BRDA:187,31,0,1
BRDA:187,32,0,2
BRDA:189,33,0,0
BRF:34
BRH:28
end_of_record
TN:
SF:packages/overlay/src/ui/util/focusTrap.ts
FN:24,isVisible
FN:40,getFocusableDescendants
FN:43,collect
FN:85,currentFocusableIndex
FN:130,installFocusTrap
FN:142,handleKeyDown
FN:176,release
FNF:7
FNH:7
FNDA:161,isVisible
FNDA:52,getFocusableDescendants
FNDA:353,collect
FNDA:29,currentFocusableIndex
FNDA:21,installFocusTrap
FNDA:36,handleKeyDown
FNDA:21,release
DA:21,1
DA:22,1
DA:24,161
DA:25,161
DA:26,161
DA:27,1
DA:28,1
DA:32,160
DA:33,160
DA:40,1
DA:41,52
DA:43,52
DA:44,353
DA:45,10
DA:46,24
DA:47,0
DA:48,0
DA:49,24
DA:50,24
DA:51,10
DA:52,10
DA:55,343
DA:56,353
DA:57,160
DA:58,160
DA:61,353
DA:62,267
DA:63,0
DA:64,0
DA:65,267
DA:66,267
DA:67,353
DA:70,52
DA:71,10
DA:72,10
DA:73,52
DA:74,52
DA:75,52
DA:85,29
DA:86,29
DA:87,29
DA:88,29
DA:89,29
DA:90,29
DA:91,29
DA:93,29
DA:94,29
DA:97,29
DA:98,1
DA:99,1
DA:100,1
DA:101,1
DA:102,1
DA:103,1
DA:106,29
DA:107,0
DA:108,0
DA:109,29
DA:111,17
DA:112,17
DA:130,1
DA:131,21
DA:133,21
DA:134,21
DA:137,21
DA:138,19
DA:139,19
DA:140,19
DA:142,21
DA:143,36
DA:144,5
DA:145,0
DA:146,0
DA:147,5
DA:148,5
DA:149,5
DA:151,31
DA:154,30
DA:155,30
DA:157,29
DA:159,29
DA:161,36
DA:163,10
DA:164,10
DA:165,10
DA:166,36
DA:168,19
DA:169,19
DA:170,19
DA:171,19
DA:172,36
DA:174,21
DA:176,21
DA:177,21
DA:178,21
DA:179,17
DA:180,17
DA:181,21
DA:183,21
DA:184,21
LF:100
LH:92
BRDA:24,0,0,161
BRDA:26,1,0,160
BRDA:26,2,0,1
BRDA:28,3,0,160
BRDA:40,4,0,52
BRDA:70,5,0,10
BRDA:43,6,0,353
BRDA:44,7,0,343
BRDA:44,8,0,10
BRDA:45,9,0,24
BRDA:46,10,0,0
BRDA:52,11,0,343
BRDA:56,12,0,161
BRDA:56,13,0,160
BRDA:58,14,0,343
BRDA:61,15,0,267
BRDA:62,16,0,0
BRDA:66,17,0,343
BRDA:85,18,0,29
BRDA:94,19,0,11
BRDA:94,20,0,18
BRDA:97,21,0,1
BRDA:103,22,0,17
BRDA:106,23,0,0
BRDA:106,24,0,0
BRDA:109,25,0,17
BRDA:130,26,0,21
BRDA:137,27,0,19
BRDA:142,28,0,36
BRDA:143,29,0,5
BRDA:144,30,0,0
BRDA:149,31,0,31
BRDA:151,32,0,1
BRDA:151,33,0,30
BRDA:155,34,0,1
BRDA:155,35,0,29
BRDA:161,36,0,10
BRDA:163,37,0,4
BRDA:163,38,0,6
BRDA:166,39,0,19
BRDA:168,40,0,4
BRDA:168,41,0,15
BRDA:176,42,0,21
BRDA:178,43,0,17
BRDA:178,44,0,17
BRF:45
BRH:40
end_of_record
TN:
SF:packages/proxy/src/DevServerRunner.ts
FN:22,validateCommand
FN:104,<instance_members_initializer>
FN:114,spawn
FN:132,handleOutput
FN:176,getActualPort
FN:180,getStartupError
FN:184,onReady
FN:188,onError
FN:192,onOutput
FN:196,getLogs
FN:200,kill
FN:209,killChildren
FN:235,isRunning
FN:239,pollUntilReady
FN:243,check
FN:268,tryConnect
FNF:16
FNH:13
FNDA:28,validateCommand
FNDA:28,<instance_members_initializer>
FNDA:28,spawn
FNDA:10,handleOutput
FNDA:0,getActualPort
FNDA:0,getStartupError
FNDA:1,onReady
FNDA:1,onError
FNDA:0,onOutput
FNDA:3,getLogs
FNDA:13,kill
FNDA:4,killChildren
FNDA:8,isRunning
FNDA:14,pollUntilReady
FNDA:19,check
FNDA:32,tryConnect
DA:1,1
DA:2,1
DA:3,1
DA:5,1
DA:7,1
DA:8,1
DA:10,1
DA:11,1
DA:22,28
DA:23,28
DA:24,2
DA:25,2
DA:29,26
DA:31,28
DA:32,0
DA:33,0
DA:37,28
DA:38,65
DA:39,7
DA:40,7
DA:41,65
DA:47,19
DA:48,19
DA:49,19
DA:51,28
DA:52,618
DA:54,618
DA:55,1
DA:56,1
DA:57,1
DA:59,618
DA:60,1
DA:61,1
DA:62,1
DA:65,618
DA:66,2
DA:67,2
DA:68,2
DA:71,618
DA:72,14
DA:73,14
DA:74,14
DA:77,618
DA:78,4
DA:79,4
DA:82,618
DA:83,1
DA:84,1
DA:85,618
DA:87,14
DA:88,14
DA:91,1
DA:92,1
DA:93,1
DA:94,1
DA:95,1
DA:96,1
DA:97,1
DA:98,1
DA:101,1
DA:102,1
DA:104,1
DA:105,28
DA:106,28
DA:107,28
DA:108,28
DA:109,28
DA:110,28
DA:111,28
DA:112,28
DA:114,28
DA:115,28
DA:116,28
DA:117,28
DA:119,28
DA:120,28
DA:121,28
DA:122,28
DA:123,28
DA:124,28
DA:125,28
DA:127,28
DA:128,28
DA:129,28
DA:130,28
DA:132,28
DA:133,10
DA:134,10
DA:137,10
DA:138,10
DA:139,0
DA:140,0
DA:143,10
DA:144,60
DA:145,0
DA:146,0
DA:147,0
DA:148,60
DA:150,10
DA:151,0
DA:152,0
DA:153,10
DA:155,28
DA:156,28
DA:158,28
DA:159,14
DA:160,14
DA:161,1
DA:162,14
DA:163,4
DA:164,4
DA:165,28
DA:167,28
DA:168,0
DA:169,0
DA:170,28
DA:173,28
DA:174,28
DA:176,28
DA:177,0
DA:178,0
DA:180,28
DA:181,0
DA:182,0
DA:184,28
DA:185,1
DA:186,1
DA:188,28
DA:189,1
DA:190,1
DA:192,28
DA:193,0
DA:194,0
DA:196,28
DA:197,3
DA:198,3
DA:200,28
DA:201,13
DA:202,9
DA:203,9
DA:205,4
DA:206,4
DA:209,4
DA:210,4
DA:211,4
DA:212,4
DA:214,0
DA:215,4
DA:217,4
DA:218,4
DA:219,0
DA:220,0
DA:221,4
DA:223,4
DA:224,4
DA:225,4
DA:226,4
DA:227,4
DA:228,4
DA:230,4
DA:231,4
DA:232,4
DA:233,13
DA:235,28
DA:236,8
DA:237,8
DA:239,28
DA:240,14
DA:241,14
DA:243,14
DA:245,19
DA:246,1
DA:247,1
DA:248,1
DA:249,1
DA:250,1
DA:253,19
DA:254,0
DA:255,0
DA:256,0
DA:259,18
DA:260,19
DA:261,0
DA:262,0
DA:264,18
DA:265,18
DA:267,18
DA:268,18
DA:269,32
DA:271,32
DA:272,4
DA:273,4
DA:274,4
DA:276,4
DA:277,0
DA:278,0
DA:279,4
DA:280,4
DA:281,4
DA:282,32
DA:284,32
DA:285,28
DA:286,28
DA:287,14
DA:288,14
DA:289,14
DA:290,14
DA:291,14
DA:292,14
DA:293,0
DA:294,0
DA:295,0
DA:296,0
DA:297,0
DA:298,0
DA:299,0
DA:300,14
DA:301,14
DA:302,32
DA:304,32
DA:305,32
DA:307,18
DA:308,18
DA:309,19
DA:311,14
DA:312,14
DA:313,14
DA:314,28
LF:228
LH:194
BRDA:22,0,0,28
BRDA:23,1,0,27
BRDA:23,2,0,2
BRDA:25,3,0,26
BRDA:31,4,0,0
BRDA:33,5,0,26
BRDA:37,6,0,65
BRDA:38,7,0,7
BRDA:41,8,0,19
BRDA:51,9,0,618
BRDA:54,10,0,1
BRDA:57,11,0,617
BRDA:59,12,0,1
BRDA:62,13,0,616
BRDA:65,14,0,20
BRDA:65,15,0,2
BRDA:68,16,0,614
BRDA:71,17,0,14
BRDA:71,18,0,14
BRDA:74,19,0,600
BRDA:77,20,0,4
BRDA:77,21,0,4
BRDA:79,22,0,596
BRDA:82,23,0,1
BRDA:82,24,0,1
BRDA:85,25,0,14
BRDA:104,26,0,28
BRDA:114,27,0,28
BRDA:155,28,0,14
BRDA:156,29,0,14
BRDA:173,30,0,4
BRDA:132,31,0,10
BRDA:138,32,0,0
BRDA:143,33,0,60
BRDA:144,34,0,0
BRDA:150,35,0,0
BRDA:158,36,0,14
BRDA:160,37,0,5
BRDA:160,38,0,1
BRDA:161,39,0,0
BRDA:162,40,0,13
BRDA:162,41,0,4
BRDA:163,42,0,0
BRDA:184,43,0,1
BRDA:188,44,0,1
BRDA:196,45,0,3
BRDA:200,46,0,13
BRDA:201,47,0,9
BRDA:203,48,0,4
BRDA:209,49,0,4
BRDA:212,50,0,0
BRDA:217,51,0,4
BRDA:223,52,0,4
BRDA:235,53,0,8
BRDA:239,54,0,14
BRDA:240,55,0,14
BRDA:243,56,0,19
BRDA:245,57,0,1
BRDA:250,58,0,18
BRDA:253,59,0,0
BRDA:256,60,0,18
BRDA:260,61,0,0
BRDA:260,62,0,0
BRDA:262,63,0,18
BRDA:268,64,0,32
BRDA:269,65,0,0
BRDA:271,66,0,4
BRDA:276,67,0,0
BRDA:279,68,0,1
BRDA:284,69,0,28
BRDA:285,70,0,0
BRDA:286,71,0,14
BRDA:292,72,0,0
BRF:73
BRH:59
end_of_record
TN:
SF:packages/proxy/src/ProjectMapApi.ts
FN:28,<instance_members_initializer>
FN:34,setGraphStore
FN:38,setSearchRouter
FN:42,setAnalysis
FN:46,setActiveFiles
FN:50,handleRequest
FN:67,handleGetMap
FN:110,handleSearch
FN:125,sendJson
FNF:9
FNH:7
FNDA:4,<instance_members_initializer>
FNDA:1,setGraphStore
FNDA:1,setSearchRouter
FNDA:0,setAnalysis
FNDA:0,setActiveFiles
FNDA:4,handleRequest
FNDA:2,handleGetMap
FNDA:1,handleSearch
FNDA:3,sendJson
DA:2,1
DA:28,1
DA:29,4
DA:30,4
DA:31,4
DA:32,4
DA:34,4
DA:35,1
DA:36,1
DA:38,4
DA:39,1
DA:40,1
DA:42,4
DA:43,0
DA:44,0
DA:46,4
DA:47,0
DA:48,0
DA:50,4
DA:51,4
DA:53,4
DA:54,2
DA:55,2
DA:56,2
DA:58,4
DA:59,1
DA:60,1
DA:61,1
DA:62,1
DA:64,1
DA:65,4
DA:67,4
DA:68,2
DA:69,1
DA:70,1
DA:71,1
DA:73,1
DA:74,1
DA:75,2
DA:76,2
DA:77,2
DA:78,2
DA:80,2
DA:81,2
DA:82,2
DA:83,2
DA:84,2
DA:85,2
DA:86,2
DA:87,2
DA:88,2
DA:89,1
DA:91,1
DA:92,2
DA:93,2
DA:94,1
DA:95,1
DA:96,1
DA:97,1
DA:98,2
DA:100,1
DA:101,1
DA:102,1
DA:103,1
DA:104,1
DA:105,1
DA:107,1
DA:108,2
DA:110,4
DA:111,1
DA:112,0
DA:113,0
DA:114,0
DA:116,1
DA:117,0
DA:118,0
DA:119,0
DA:121,1
DA:122,1
DA:123,1
DA:125,4
DA:126,3
DA:127,3
DA:128,3
DA:129,3
DA:130,3
DA:131,3
DA:132,3
DA:133,3
DA:134,4
LF:90
LH:80
BRDA:28,0,0,4
BRDA:34,1,0,1
BRDA:38,2,0,1
BRDA:50,3,0,4
BRDA:51,4,0,0
BRDA:53,5,0,2
BRDA:53,6,0,2
BRDA:58,7,0,1
BRDA:58,8,0,1
BRDA:59,9,0,0
BRDA:67,10,0,2
BRDA:68,11,0,1
BRDA:93,12,0,1
BRDA:98,13,0,1
BRDA:74,14,0,2
BRDA:76,15,0,0
BRDA:82,16,0,0
BRDA:94,17,0,2
BRDA:110,18,0,1
BRDA:111,19,0,0
BRDA:116,20,0,0
BRDA:125,21,0,3
BRF:22
BRH:16
end_of_record
TN:
SF:packages/proxy/src/ProxyServer.ts
FN:9,<instance_members_initializer>
FN:20,getHttpServer
FN:25,setHost
FN:30,setSessionToken
FN:34,setProjectMapApi
FN:44,buildScriptTag
FN:56,start
FN:263,stop
FN:283,isRunning
FNF:9
FNH:8
FNDA:38,<instance_members_initializer>
FNDA:18,getHttpServer
FNDA:6,setHost
FNDA:15,setSessionToken
FNDA:0,setProjectMapApi
FNDA:9,buildScriptTag
FNDA:34,start
FNDA:33,stop
FNDA:41,isRunning
DA:1,1
DA:2,1
DA:3,1
DA:4,1
DA:5,1
DA:7,1
DA:9,1
DA:10,38
DA:11,38
DA:12,38
DA:13,38
DA:14,38
DA:15,38
DA:17,38
DA:20,38
DA:21,18
DA:22,18
DA:25,38
DA:26,6
DA:27,6
DA:30,38
DA:31,15
DA:32,15
DA:34,38
DA:36,0
DA:37,0
DA:38,0
DA:44,38
DA:45,9
DA:46,9
DA:47,1
DA:48,1
DA:49,9
DA:52,9
DA:53,9
DA:54,9
DA:56,38
DA:57,34
DA:58,34
DA:59,34
DA:60,34
DA:61,34
DA:63,34
DA:64,34
DA:65,0
DA:66,0
DA:68,34
DA:69,34
DA:70,34
DA:71,34
DA:73,34
DA:74,17
DA:79,17
DA:80,17
DA:83,17
DA:85,17
DA:88,9
DA:89,9
DA:91,9
DA:92,9
DA:93,9
DA:94,9
DA:95,9
DA:97,9
DA:98,5
DA:99,9
DA:100,4
DA:101,4
DA:102,9
DA:105,17
DA:107,8
DA:108,27
DA:109,27
DA:110,27
DA:111,27
DA:112,8
DA:113,8
DA:114,8
DA:115,8
DA:118,9
DA:119,9
DA:121,13
DA:122,0
DA:123,13
DA:124,0
DA:125,9
DA:126,0
DA:127,0
DA:129,9
DA:130,9
DA:131,9
DA:132,9
DA:134,9
DA:136,0
DA:137,0
DA:138,0
DA:139,0
DA:140,9
DA:142,9
DA:143,9
DA:147,9
DA:150,9
DA:151,9
DA:152,9
DA:154,9
DA:155,9
DA:157,9
DA:158,52
DA:159,52
DA:160,52
DA:161,52
DA:162,9
DA:163,9
DA:164,9
DA:165,34
DA:167,34
DA:168,34
DA:170,0
DA:171,0
DA:172,0
DA:173,0
DA:174,0
DA:178,0
DA:181,0
DA:184,0
DA:185,0
DA:186,0
DA:187,0
DA:188,34
DA:190,34
DA:192,18
DA:193,0
DA:194,0
DA:195,0
DA:196,0
DA:197,0
DA:198,0
DA:199,0
DA:200,0
DA:201,0
DA:202,0
DA:203,0
DA:204,0
DA:205,0
DA:206,0
DA:207,0
DA:210,18
DA:211,0
DA:212,0
DA:213,0
DA:214,0
DA:215,0
DA:216,0
DA:217,0
DA:218,0
DA:221,18
DA:222,1
DA:223,1
DA:224,0
DA:225,0
DA:226,0
DA:227,0
DA:228,1
DA:229,1
DA:230,1
DA:231,1
DA:232,1
DA:233,1
DA:234,1
DA:235,1
DA:238,17
DA:239,34
DA:242,34
DA:243,10
DA:244,0
DA:245,34
DA:247,34
DA:248,34
DA:249,1
DA:250,1
DA:251,1
DA:252,0
DA:253,0
DA:254,34
DA:256,34
DA:257,33
DA:258,33
DA:259,34
DA:260,34
DA:261,34
DA:263,38
DA:264,33
DA:265,0
DA:266,0
DA:268,33
DA:269,33
DA:270,33
DA:271,33
DA:272,33
DA:273,33
DA:274,33
DA:275,0
DA:276,33
DA:277,33
DA:278,33
DA:279,33
DA:280,33
DA:281,33
DA:283,38
DA:284,41
DA:285,41
DA:286,38
LF:212
LH:155
BRDA:9,0,0,38
BRDA:20,1,0,18
BRDA:25,2,0,6
BRDA:30,3,0,15
BRDA:44,4,0,9
BRDA:46,5,0,1
BRDA:56,6,0,34
BRDA:63,7,0,32
BRDA:64,8,0,0
BRDA:260,9,0,33
BRDA:73,10,0,17
BRDA:79,11,0,5
BRDA:83,12,0,9
BRDA:83,13,0,8
BRDA:85,14,0,9
BRDA:97,15,0,5
BRDA:99,16,0,4
BRDA:105,17,0,8
BRDA:107,18,0,27
BRDA:112,19,0,0
BRDA:115,20,0,13
BRDA:115,21,0,9
BRDA:121,22,0,0
BRDA:123,23,0,9
BRDA:123,24,0,0
BRDA:125,25,0,0
BRDA:130,26,0,9
BRDA:142,27,0,9
BRDA:157,28,0,52
BRDA:162,29,0,0
BRDA:190,30,0,18
BRDA:192,31,0,0
BRDA:210,32,0,0
BRDA:210,33,0,0
BRDA:221,34,0,1
BRDA:235,35,0,17
BRDA:222,36,0,1
BRDA:223,37,0,0
BRDA:242,38,0,10
BRDA:243,39,0,8
BRDA:243,40,0,0
BRDA:247,41,0,34
BRDA:248,42,0,1
BRDA:251,43,0,0
BRDA:256,44,0,33
BRDA:263,45,0,33
BRDA:264,46,0,0
BRDA:268,47,0,33
BRDA:270,48,0,33
BRDA:274,49,0,0
BRDA:283,50,0,41
BRF:51
BRH:37
end_of_record
TN:
SF:packages/proxy/src/WebSocketServer.ts
FN:6,<instance_members_initializer>
FN:21,setSessionToken
FN:26,setProxyPort
FN:34,constantTimeEqual
FN:45,isValidOrigin
FN:61,parseTokenFromUrl
FN:72,start
FN:200,onObservation
FN:204,onConfirm
FN:208,onConfirmTasks
FN:212,onCancel
FN:216,onAppend
FN:220,onBrowserError
FN:224,onSecretsSubmit
FN:228,onRevertFile
FN:234,sendEvent
FN:250,getClientCount
FNF:17
FNH:10
FNDA:19,<instance_members_initializer>
FNDA:15,setSessionToken
FNDA:15,setProxyPort
FNDA:8,constantTimeEqual
FNDA:6,isValidOrigin
FNDA:10,parseTokenFromUrl
FNDA:14,start
FNDA:1,onObservation
FNDA:0,onConfirm
FNDA:0,onConfirmTasks
FNDA:0,onCancel
FNDA:0,onAppend
FNDA:0,onBrowserError
FNDA:0,onSecretsSubmit
FNDA:0,onRevertFile
FNDA:1,sendEvent
FNDA:2,getClientCount
DA:1,1
DA:2,1
DA:6,1
DA:7,19
DA:8,19
DA:9,19
DA:10,19
DA:11,19
DA:12,19
DA:13,19
DA:14,19
DA:15,19
DA:16,19
DA:17,19
DA:18,19
DA:21,19
DA:22,15
DA:23,15
DA:26,19
DA:27,15
DA:28,15
DA:34,19
DA:35,8
DA:36,6
DA:37,6
DA:38,6
DA:39,8
DA:45,19
DA:46,6
DA:47,6
DA:49,5
DA:50,5
DA:51,5
DA:52,5
DA:54,5
DA:55,6
DA:61,19
DA:62,10
DA:63,10
DA:65,10
DA:66,10
DA:67,10
DA:68,0
DA:69,0
DA:70,10
DA:72,19
DA:73,14
DA:75,14
DA:79,14
DA:80,14
DA:82,14
DA:83,10
DA:84,10
DA:87,10
DA:88,4
DA:89,4
DA:90,4
DA:91,4
DA:94,10
DA:95,3
DA:96,3
DA:97,3
DA:98,3
DA:99,10
DA:101,7
DA:102,7
DA:103,7
DA:104,7
DA:105,14
DA:106,0
DA:107,0
DA:108,0
DA:109,7
DA:110,7
DA:112,14
DA:114,14
DA:115,7
DA:116,1
DA:117,1
DA:118,1
DA:121,1
DA:122,0
DA:123,0
DA:124,0
DA:125,0
DA:126,0
DA:127,1
DA:128,0
DA:129,0
DA:130,0
DA:131,0
DA:132,0
DA:133,0
DA:134,1
DA:135,0
DA:136,0
DA:137,0
DA:138,0
DA:139,0
DA:140,1
DA:141,0
DA:142,0
DA:143,0
DA:144,0
DA:145,0
DA:146,0
DA:147,1
DA:148,0
DA:149,0
DA:150,0
DA:151,0
DA:152,0
DA:153,0
DA:154,1
DA:155,0
DA:156,0
DA:157,0
DA:158,0
DA:159,0
DA:160,0
DA:161,1
DA:162,0
DA:163,0
DA:164,0
DA:165,0
DA:166,0
DA:167,0
DA:170,1
DA:173,1
DA:174,1
DA:175,0
DA:176,1
DA:177,0
DA:178,1
DA:179,1
DA:180,1
DA:181,1
DA:182,1
DA:183,1
DA:184,1
DA:185,1
DA:186,1
DA:188,1
DA:190,1
DA:191,1
DA:192,1
DA:193,1
DA:195,0
DA:196,7
DA:197,14
DA:198,14
DA:200,19
DA:201,1
DA:202,1
DA:204,19
DA:205,0
DA:206,0
DA:208,19
DA:209,0
DA:210,0
DA:212,19
DA:213,0
DA:214,0
DA:216,19
DA:217,0
DA:218,0
DA:220,19
DA:221,0
DA:222,0
DA:224,19
DA:225,0
DA:226,0
DA:228,19
DA:229,0
DA:230,0
DA:232,19
DA:234,19
DA:235,1
DA:238,1
DA:239,1
DA:240,1
DA:242,1
DA:243,1
DA:244,1
DA:245,1
DA:246,1
DA:247,1
DA:248,1
DA:250,19
DA:251,2
DA:252,2
DA:253,19
LF:192
LH:130
BRDA:6,0,0,19
BRDA:21,1,0,15
BRDA:26,2,0,15
BRDA:34,3,0,8
BRDA:35,4,0,2
BRDA:35,5,0,6
BRDA:45,6,0,6
BRDA:46,7,0,1
BRDA:46,8,0,5
BRDA:47,9,0,0
BRDA:47,10,0,5
BRDA:61,11,0,10
BRDA:62,12,0,0
BRDA:66,13,0,8
BRDA:66,14,0,2
BRDA:67,15,0,0
BRDA:72,16,0,14
BRDA:79,17,0,14
BRDA:80,18,0,8
BRDA:82,19,0,10
BRDA:87,20,0,8
BRDA:87,21,0,4
BRDA:91,22,0,6
BRDA:94,23,0,3
BRDA:99,24,0,7
BRDA:105,25,0,0
BRDA:108,26,0,7
BRDA:102,27,0,7
BRDA:114,28,0,7
BRDA:115,29,0,1
BRDA:117,30,0,0
BRDA:121,31,0,0
BRDA:127,32,0,0
BRDA:134,33,0,0
BRDA:140,34,0,0
BRDA:147,35,0,0
BRDA:154,36,0,0
BRDA:161,37,0,0
BRDA:174,38,0,0
BRDA:176,39,0,0
BRDA:182,40,0,0
BRDA:184,41,0,0
BRDA:193,42,0,0
BRDA:200,43,0,1
BRDA:234,44,0,1
BRDA:235,45,0,0
BRDA:239,46,0,0
BRDA:250,47,0,2
BRDA:251,48,0,0
BRF:49
BRH:29
end_of_record
TN:
SF:packages/proxy/src/csp.ts
FN:7,generateNonce
FN:15,parseCsp
FN:45,parseCspValues
FN:85,serializeCsp
FN:103,modifyEnforcementCsp
FNF:5
FNH:5
FNDA:14,generateNonce
FNDA:29,parseCsp
FNDA:62,parseCspValues
FNDA:17,serializeCsp
FNDA:19,modifyEnforcementCsp
DA:1,1
DA:7,1
DA:8,14
DA:9,14
DA:15,1
DA:16,29
DA:18,29
DA:19,61
DA:20,61
DA:23,59
DA:24,61
DA:26,3
DA:27,3
DA:28,3
DA:30,56
DA:31,56
DA:34,56
DA:35,56
DA:36,56
DA:38,29
DA:39,29
DA:45,1
DA:46,62
DA:47,62
DA:49,62
DA:51,98
DA:52,40
DA:53,40
DA:54,98
DA:56,98
DA:58,80
DA:59,80
DA:61,0
DA:62,0
DA:63,0
DA:64,80
DA:65,80
DA:66,98
DA:68,17
DA:69,17
DA:70,14
DA:71,14
DA:72,14
DA:73,3
DA:74,3
DA:75,3
DA:76,98
DA:78,62
DA:79,62
DA:85,1
DA:86,17
DA:87,17
DA:88,49
DA:89,2
DA:90,49
DA:91,47
DA:92,47
DA:93,49
DA:94,17
DA:95,17
DA:103,1
DA:104,19
DA:105,19
DA:106,19
DA:107,19
DA:108,19
DA:110,13
DA:111,13
DA:114,17
DA:115,2
DA:116,2
DA:117,1
DA:118,1
DA:119,17
DA:121,10
DA:122,10
DA:123,10
DA:124,11
DA:126,1
DA:127,1
DA:130,17
DA:131,2
DA:132,2
DA:133,1
DA:134,1
DA:135,17
DA:136,10
DA:137,10
DA:138,10
DA:139,11
DA:140,1
DA:141,1
DA:143,13
DA:144,13
LF:94
LH:91
BRDA:7,0,0,14
BRDA:15,1,0,29
BRDA:18,2,0,61
BRDA:20,3,0,2
BRDA:20,4,0,59
BRDA:24,5,0,3
BRDA:28,6,0,56
BRDA:45,7,0,62
BRDA:49,8,0,98
BRDA:51,9,0,137
BRDA:51,10,0,40
BRDA:54,11,0,1
BRDA:54,12,0,97
BRDA:56,13,0,80
BRDA:59,14,0,0
BRDA:66,15,0,17
BRDA:69,16,0,14
BRDA:72,17,0,3
BRDA:85,18,0,17
BRDA:87,19,0,49
BRDA:88,20,0,2
BRDA:90,21,0,47
BRDA:103,22,0,19
BRDA:108,23,0,6
BRDA:108,24,0,17
BRDA:108,25,0,13
BRDA:114,26,0,2
BRDA:116,27,0,1
BRDA:119,28,0,15
BRDA:119,29,0,11
BRDA:119,30,0,10
BRDA:124,31,0,1
BRDA:127,32,0,13
BRDA:130,33,0,2
BRDA:132,34,0,1
BRDA:135,35,0,15
BRDA:135,36,0,11
BRDA:135,37,0,10
BRDA:139,38,0,1
BRDA:141,39,0,13
BRF:40
BRH:39
end_of_record
TN:
SF:packages/proxy/src/index.ts
FN:1,(empty-report)
FNF:1
FNH:0
FNDA:0,(empty-report)
DA:1,0
DA:2,0
DA:3,0
DA:4,0
LF:4
LH:0
BRDA:1,0,0,0
BRF:1
BRH:0
end_of_record
TN:
SF:packages/proxy/src/schemas.ts
FN:1,(empty-report)
FNF:1
FNH:0
FNDA:0,(empty-report)
DA:1,0
DA:3,0
DA:4,0
DA:5,0
DA:6,0
DA:7,0
DA:8,0
DA:9,0
DA:10,0
DA:11,0
DA:12,0
DA:13,0
DA:14,0
DA:15,0
DA:16,0
DA:17,0
DA:18,0
DA:19,0
DA:20,0
DA:21,0
DA:22,0
DA:23,0
DA:24,0
DA:25,0
DA:26,0
DA:27,0
DA:28,0
DA:29,0
DA:30,0
DA:31,0
DA:32,0
DA:33,0
DA:34,0
DA:35,0
DA:37,0
DA:38,0
DA:39,0
DA:40,0
DA:41,0
DA:42,0
DA:43,0
DA:44,0
DA:45,0
LF:43
LH:0
BRDA:1,0,0,0
BRF:1
BRH:0
end_of_record
